2025-01-17 12:43:10,287 - INFO - 
📊 Feature Statistics:
2025-01-17 12:43:10,288 - INFO - 
win:
2025-01-17 12:43:10,288 - INFO -   Min: 0.000
2025-01-17 12:43:10,288 - INFO -   Max: 1.000
2025-01-17 12:43:10,288 - INFO -   Mean: 0.581
2025-01-17 12:43:10,288 - INFO -   Std: 0.494
2025-01-17 12:43:10,288 - INFO -   Unique values: 2
2025-01-17 12:43:10,288 - INFO -   Value distribution:
2025-01-17 12:43:10,288 - INFO -     1: 991 (58.1%)
2025-01-17 12:43:10,288 - INFO -     0: 715 (41.9%)
2025-01-17 12:43:10,289 - INFO - 
height_diff:
2025-01-17 12:43:10,289 - INFO -   Min: -30.480
2025-01-17 12:43:10,289 - INFO -   Max: 25.400
2025-01-17 12:43:10,289 - INFO -   Mean: -0.052
2025-01-17 12:43:10,289 - INFO -   Std: 6.270
2025-01-17 12:43:10,289 - INFO -   Unique values: 32
2025-01-17 12:43:10,289 - INFO - 
reach_diff:
2025-01-17 12:43:10,289 - INFO -   Min: -30.480
2025-01-17 12:43:10,289 - INFO -   Max: 27.940
2025-01-17 12:43:10,289 - INFO -   Mean: 0.362
2025-01-17 12:43:10,290 - INFO -   Std: 8.192
2025-01-17 12:43:10,290 - INFO -   Unique values: 41
2025-01-17 12:43:10,290 - INFO - 
age_diff:
2025-01-17 12:43:10,290 - INFO -   Min: -16.537
2025-01-17 12:43:10,290 - INFO -   Max: 17.596
2025-01-17 12:43:10,290 - INFO -   Mean: 0.651
2025-01-17 12:43:10,290 - INFO -   Std: 5.088
2025-01-17 12:43:10,290 - INFO -   Unique values: 1594
2025-01-17 12:43:10,291 - INFO - 
fighter_form_score:
2025-01-17 12:43:10,291 - INFO -   Min: -1.500
2025-01-17 12:43:10,291 - INFO -   Max: 1.500
2025-01-17 12:43:10,291 - INFO -   Mean: 0.205
2025-01-17 12:43:10,291 - INFO -   Std: 0.690
2025-01-17 12:43:10,291 - INFO -   Unique values: 58
2025-01-17 12:43:10,292 - INFO - 
opponent_form_score:
2025-01-17 12:43:10,292 - INFO -   Min: -1.500
2025-01-17 12:43:10,292 - INFO -   Max: 1.500
2025-01-17 12:43:10,292 - INFO -   Mean: 0.194
2025-01-17 12:43:10,292 - INFO -   Std: 0.639
2025-01-17 12:43:10,292 - INFO -   Unique values: 58
2025-01-17 12:43:10,292 - INFO - 
fighter_fight_no:
2025-01-17 12:43:10,292 - INFO -   Min: 3.000
2025-01-17 12:43:10,292 - INFO -   Max: 35.000
2025-01-17 12:43:10,292 - INFO -   Mean: 8.521
2025-01-17 12:43:10,292 - INFO -   Std: 4.602
2025-01-17 12:43:10,292 - INFO -   Unique values: 30
2025-01-17 12:43:10,293 - INFO - 
opponent_fight_no:
2025-01-17 12:43:10,293 - INFO -   Min: 3.000
2025-01-17 12:43:10,293 - INFO -   Max: 21.000
2025-01-17 12:43:10,293 - INFO -   Mean: 6.057
2025-01-17 12:43:10,293 - INFO -   Std: 2.574
2025-01-17 12:43:10,293 - INFO -   Unique values: 19
2025-01-17 12:43:10,294 - INFO - 
fighter_win_ratio:
2025-01-17 12:43:10,294 - INFO -   Min: 0.000
2025-01-17 12:43:10,294 - INFO -   Max: 1.000
2025-01-17 12:43:10,294 - INFO -   Mean: 0.623
2025-01-17 12:43:10,294 - INFO -   Std: 0.274
2025-01-17 12:43:10,294 - INFO -   Unique values: 84
2025-01-17 12:43:10,294 - INFO - 
fighter_recent_win_ratio:
2025-01-17 12:43:10,294 - INFO -   Min: 0.000
2025-01-17 12:43:10,294 - INFO -   Max: 1.000
2025-01-17 12:43:10,294 - INFO -   Mean: 0.586
2025-01-17 12:43:10,294 - INFO -   Std: 0.323
2025-01-17 12:43:10,295 - INFO -   Unique values: 5
2025-01-17 12:43:10,295 - INFO -   Value distribution:
2025-01-17 12:43:10,295 - INFO -     0.6666666666666666: 500 (29.3%)
2025-01-17 12:43:10,295 - INFO -     1.0: 466 (27.3%)
2025-01-17 12:43:10,295 - INFO -     0.3333333333333333: 449 (26.3%)
2025-01-17 12:43:10,295 - INFO -     0.0: 189 (11.1%)
2025-01-17 12:43:10,295 - INFO -     0.5: 102 (6.0%)
2025-01-17 12:43:10,295 - INFO - 
opponent_win_ratio:
2025-01-17 12:43:10,295 - INFO -   Min: 0.000
2025-01-17 12:43:10,295 - INFO -   Max: 1.000
2025-01-17 12:43:10,295 - INFO -   Mean: 0.599
2025-01-17 12:43:10,295 - INFO -   Std: 0.307
2025-01-17 12:43:10,295 - INFO -   Unique values: 70
2025-01-17 12:43:10,296 - INFO - 
opponent_recent_win_ratio:
2025-01-17 12:43:10,296 - INFO -   Min: 0.000
2025-01-17 12:43:10,296 - INFO -   Max: 1.000
2025-01-17 12:43:10,296 - INFO -   Mean: 0.588
2025-01-17 12:43:10,296 - INFO -   Std: 0.339
2025-01-17 12:43:10,296 - INFO -   Unique values: 5
2025-01-17 12:43:10,296 - INFO -   Value distribution:
2025-01-17 12:43:10,296 - INFO -     1.0: 504 (29.5%)
2025-01-17 12:43:10,296 - INFO -     0.6666666666666666: 467 (27.4%)
2025-01-17 12:43:10,296 - INFO -     0.3333333333333333: 351 (20.6%)
2025-01-17 12:43:10,296 - INFO -     0.0: 241 (14.1%)
2025-01-17 12:43:10,296 - INFO -     0.5: 143 (8.4%)
2025-01-17 12:43:10,297 - INFO - 
fighter_strikes_landed:
2025-01-17 12:43:10,297 - INFO -   Min: 0.000
2025-01-17 12:43:10,297 - INFO -   Max: 180.333
2025-01-17 12:43:10,297 - INFO -   Mean: 42.613
2025-01-17 12:43:10,297 - INFO -   Std: 22.199
2025-01-17 12:43:10,297 - INFO -   Unique values: 930
2025-01-17 12:43:10,298 - INFO - 
fighter_strikes_attempted:
2025-01-17 12:43:10,298 - INFO -   Min: 0.000
2025-01-17 12:43:10,298 - INFO -   Max: 360.000
2025-01-17 12:43:10,298 - INFO -   Mean: 96.077
2025-01-17 12:43:10,298 - INFO -   Std: 49.736
2025-01-17 12:43:10,298 - INFO -   Unique values: 1144
2025-01-17 12:43:10,298 - INFO - 
fighter_strikes_accuracy:
2025-01-17 12:43:10,298 - INFO -   Min: 0.000
2025-01-17 12:43:10,298 - INFO -   Max: 0.952
2025-01-17 12:43:10,298 - INFO -   Mean: 0.455
2025-01-17 12:43:10,298 - INFO -   Std: 0.101
2025-01-17 12:43:10,299 - INFO -   Unique values: 1527
2025-01-17 12:43:10,299 - INFO - 
opponent_strikes_landed:
2025-01-17 12:43:10,299 - INFO -   Min: 0.000
2025-01-17 12:43:10,299 - INFO -   Max: 229.000
2025-01-17 12:43:10,299 - INFO -   Mean: 41.344
2025-01-17 12:43:10,299 - INFO -   Std: 23.855
2025-01-17 12:43:10,299 - INFO -   Unique values: 766
2025-01-17 12:43:10,300 - INFO - 
opponent_strikes_attempted:
2025-01-17 12:43:10,300 - INFO -   Min: 0.000
2025-01-17 12:43:10,300 - INFO -   Max: 393.000
2025-01-17 12:43:10,300 - INFO -   Mean: 92.266
2025-01-17 12:43:10,300 - INFO -   Std: 51.926
2025-01-17 12:43:10,300 - INFO -   Unique values: 991
2025-01-17 12:43:10,300 - INFO - 
opponent_strikes_accuracy:
2025-01-17 12:43:10,300 - INFO -   Min: 0.000
2025-01-17 12:43:10,300 - INFO -   Max: 1.000
2025-01-17 12:43:10,301 - INFO -   Mean: 0.459
2025-01-17 12:43:10,301 - INFO -   Std: 0.103
2025-01-17 12:43:10,301 - INFO -   Unique values: 1457
2025-01-17 12:43:10,301 - INFO - 
fighter_takedowns:
2025-01-17 12:43:10,301 - INFO -   Min: 0.000
2025-01-17 12:43:10,301 - INFO -   Max: 9.000
2025-01-17 12:43:10,301 - INFO -   Mean: 1.132
2025-01-17 12:43:10,301 - INFO -   Std: 1.203
2025-01-17 12:43:10,301 - INFO -   Unique values: 243
2025-01-17 12:43:10,302 - INFO - 
fighter_takedown_accuracy:
2025-01-17 12:43:10,302 - INFO -   Min: 0.000
2025-01-17 12:43:10,302 - INFO -   Max: 1.000
2025-01-17 12:43:10,302 - INFO -   Mean: 0.363
2025-01-17 12:43:10,302 - INFO -   Std: 0.261
2025-01-17 12:43:10,302 - INFO -   Unique values: 314
2025-01-17 12:43:10,302 - INFO - 
opponent_takedowns:
2025-01-17 12:43:10,303 - INFO -   Min: 0.000
2025-01-17 12:43:10,303 - INFO -   Max: 13.000
2025-01-17 12:43:10,303 - INFO -   Mean: 1.081
2025-01-17 12:43:10,303 - INFO -   Std: 1.268
2025-01-17 12:43:10,303 - INFO -   Unique values: 187
2025-01-17 12:43:10,303 - INFO - 
opponent_takedown_accuracy:
2025-01-17 12:43:10,303 - INFO -   Min: 0.000
2025-01-17 12:43:10,303 - INFO -   Max: 1.000
2025-01-17 12:43:10,303 - INFO -   Mean: 0.352
2025-01-17 12:43:10,303 - INFO -   Std: 0.283
2025-01-17 12:43:10,303 - INFO -   Unique values: 260
2025-01-17 12:43:10,304 - INFO - 
fighter_knockdowns:
2025-01-17 12:43:10,304 - INFO -   Min: 0.000
2025-01-17 12:43:10,304 - INFO -   Max: 2.250
2025-01-17 12:43:10,304 - INFO -   Mean: 0.289
2025-01-17 12:43:10,304 - INFO -   Std: 0.329
2025-01-17 12:43:10,304 - INFO -   Unique values: 101
2025-01-17 12:43:10,305 - INFO - 
fighter_ko_ratio:
2025-01-17 12:43:10,305 - INFO -   Min: 0.000
2025-01-17 12:43:10,305 - INFO -   Max: 1.000
2025-01-17 12:43:10,305 - INFO -   Mean: 0.322
2025-01-17 12:43:10,305 - INFO -   Std: 0.283
2025-01-17 12:43:10,305 - INFO -   Unique values: 103
2025-01-17 12:43:10,305 - INFO - 
opponent_knockdowns:
2025-01-17 12:43:10,305 - INFO -   Min: 0.000
2025-01-17 12:43:10,305 - INFO -   Max: 3.500
2025-01-17 12:43:10,305 - INFO -   Mean: 0.311
2025-01-17 12:43:10,305 - INFO -   Std: 0.406
2025-01-17 12:43:10,305 - INFO -   Unique values: 87
2025-01-17 12:43:10,306 - INFO - 
opponent_ko_ratio:
2025-01-17 12:43:10,306 - INFO -   Min: 0.000
2025-01-17 12:43:10,306 - INFO -   Max: 1.000
2025-01-17 12:43:10,306 - INFO -   Mean: 0.321
2025-01-17 12:43:10,306 - INFO -   Std: 0.316
2025-01-17 12:43:10,306 - INFO -   Unique values: 76
2025-01-17 12:43:10,307 - INFO - 
fighter_control_time:
2025-01-17 12:43:10,307 - INFO -   Min: 0.000
2025-01-17 12:43:10,307 - INFO -   Max: 0.000
2025-01-17 12:43:10,307 - INFO -   Mean: 0.000
2025-01-17 12:43:10,307 - INFO -   Std: 0.000
2025-01-17 12:43:10,307 - INFO -   Unique values: 1
2025-01-17 12:43:10,307 - INFO -   Value distribution:
2025-01-17 12:43:10,307 - INFO -     0.0: 1706 (100.0%)
2025-01-17 12:43:10,307 - INFO - 
opponent_control_time:
2025-01-17 12:43:10,307 - INFO -   Min: 0.000
2025-01-17 12:43:10,307 - INFO -   Max: 0.000
2025-01-17 12:43:10,307 - INFO -   Mean: 0.000
2025-01-17 12:43:10,307 - INFO -   Std: 0.000
2025-01-17 12:43:10,308 - INFO -   Unique values: 1
2025-01-17 12:43:10,308 - INFO -   Value distribution:
2025-01-17 12:43:10,308 - INFO -     0.0: 1706 (100.0%)
2025-01-17 12:54:44,593 - INFO - 
📊 Feature Statistics:
2025-01-17 12:54:44,594 - INFO - 
win:
2025-01-17 12:54:44,594 - INFO -   Min: 0.000
2025-01-17 12:54:44,594 - INFO -   Max: 1.000
2025-01-17 12:54:44,594 - INFO -   Mean: 0.581
2025-01-17 12:54:44,594 - INFO -   Std: 0.494
2025-01-17 12:54:44,594 - INFO -   Unique values: 2
2025-01-17 12:54:44,594 - INFO -   Value distribution:
2025-01-17 12:54:44,594 - INFO -     1: 991 (58.1%)
2025-01-17 12:54:44,595 - INFO -     0: 715 (41.9%)
2025-01-17 12:54:44,595 - INFO - 
height_diff:
2025-01-17 12:54:44,595 - INFO -   Min: -12.000
2025-01-17 12:54:44,595 - INFO -   Max: 10.000
2025-01-17 12:54:44,595 - INFO -   Mean: -0.021
2025-01-17 12:54:44,595 - INFO -   Std: 2.469
2025-01-17 12:54:44,595 - INFO -   Unique values: 25
2025-01-17 12:54:44,596 - INFO - 
reach_diff:
2025-01-17 12:54:44,596 - INFO -   Min: -12.000
2025-01-17 12:54:44,596 - INFO -   Max: 11.000
2025-01-17 12:54:44,596 - INFO -   Mean: 0.143
2025-01-17 12:54:44,596 - INFO -   Std: 3.225
2025-01-17 12:54:44,596 - INFO -   Unique values: 36
2025-01-17 12:54:44,596 - INFO - 
age_diff:
2025-01-17 12:54:44,597 - INFO -   Min: -16.537
2025-01-17 12:54:44,597 - INFO -   Max: 17.596
2025-01-17 12:54:44,597 - INFO -   Mean: 0.651
2025-01-17 12:54:44,597 - INFO -   Std: 5.088
2025-01-17 12:54:44,597 - INFO -   Unique values: 1594
2025-01-17 12:54:44,597 - INFO - 
fighter_form_score:
2025-01-17 12:54:44,597 - INFO -   Min: -1.500
2025-01-17 12:54:44,597 - INFO -   Max: 1.500
2025-01-17 12:54:44,597 - INFO -   Mean: 0.205
2025-01-17 12:54:44,597 - INFO -   Std: 0.690
2025-01-17 12:54:44,597 - INFO -   Unique values: 58
2025-01-17 12:54:44,598 - INFO - 
opponent_form_score:
2025-01-17 12:54:44,598 - INFO -   Min: -1.500
2025-01-17 12:54:44,598 - INFO -   Max: 1.500
2025-01-17 12:54:44,598 - INFO -   Mean: 0.194
2025-01-17 12:54:44,598 - INFO -   Std: 0.639
2025-01-17 12:54:44,598 - INFO -   Unique values: 58
2025-01-17 12:54:44,599 - INFO - 
fighter_fight_no:
2025-01-17 12:54:44,599 - INFO -   Min: 3.000
2025-01-17 12:54:44,599 - INFO -   Max: 35.000
2025-01-17 12:54:44,599 - INFO -   Mean: 8.521
2025-01-17 12:54:44,599 - INFO -   Std: 4.602
2025-01-17 12:54:44,599 - INFO -   Unique values: 30
2025-01-17 12:54:44,599 - INFO - 
opponent_fight_no:
2025-01-17 12:54:44,599 - INFO -   Min: 3.000
2025-01-17 12:54:44,599 - INFO -   Max: 21.000
2025-01-17 12:54:44,599 - INFO -   Mean: 6.057
2025-01-17 12:54:44,599 - INFO -   Std: 2.574
2025-01-17 12:54:44,599 - INFO -   Unique values: 19
2025-01-17 12:54:44,600 - INFO - 
fighter_win_ratio:
2025-01-17 12:54:44,600 - INFO -   Min: 0.000
2025-01-17 12:54:44,600 - INFO -   Max: 1.000
2025-01-17 12:54:44,600 - INFO -   Mean: 0.623
2025-01-17 12:54:44,600 - INFO -   Std: 0.274
2025-01-17 12:54:44,600 - INFO -   Unique values: 84
2025-01-17 12:54:44,601 - INFO - 
fighter_recent_win_ratio:
2025-01-17 12:54:44,601 - INFO -   Min: 0.000
2025-01-17 12:54:44,601 - INFO -   Max: 1.000
2025-01-17 12:54:44,601 - INFO -   Mean: 0.586
2025-01-17 12:54:44,601 - INFO -   Std: 0.323
2025-01-17 12:54:44,601 - INFO -   Unique values: 5
2025-01-17 12:54:44,601 - INFO -   Value distribution:
2025-01-17 12:54:44,601 - INFO -     0.6666666666666666: 500 (29.3%)
2025-01-17 12:54:44,601 - INFO -     1.0: 466 (27.3%)
2025-01-17 12:54:44,601 - INFO -     0.3333333333333333: 449 (26.3%)
2025-01-17 12:54:44,601 - INFO -     0.0: 189 (11.1%)
2025-01-17 12:54:44,601 - INFO -     0.5: 102 (6.0%)
2025-01-17 12:54:44,602 - INFO - 
opponent_win_ratio:
2025-01-17 12:54:44,602 - INFO -   Min: 0.000
2025-01-17 12:54:44,602 - INFO -   Max: 1.000
2025-01-17 12:54:44,602 - INFO -   Mean: 0.599
2025-01-17 12:54:44,602 - INFO -   Std: 0.307
2025-01-17 12:54:44,602 - INFO -   Unique values: 70
2025-01-17 12:54:44,602 - INFO - 
opponent_recent_win_ratio:
2025-01-17 12:54:44,602 - INFO -   Min: 0.000
2025-01-17 12:54:44,602 - INFO -   Max: 1.000
2025-01-17 12:54:44,602 - INFO -   Mean: 0.588
2025-01-17 12:54:44,602 - INFO -   Std: 0.339
2025-01-17 12:54:44,602 - INFO -   Unique values: 5
2025-01-17 12:54:44,602 - INFO -   Value distribution:
2025-01-17 12:54:44,603 - INFO -     1.0: 504 (29.5%)
2025-01-17 12:54:44,603 - INFO -     0.6666666666666666: 467 (27.4%)
2025-01-17 12:54:44,603 - INFO -     0.3333333333333333: 351 (20.6%)
2025-01-17 12:54:44,603 - INFO -     0.0: 241 (14.1%)
2025-01-17 12:54:44,603 - INFO -     0.5: 143 (8.4%)
2025-01-17 12:54:44,603 - INFO - 
fighter_strikes_landed:
2025-01-17 12:54:44,603 - INFO -   Min: 0.000
2025-01-17 12:54:44,603 - INFO -   Max: 180.333
2025-01-17 12:54:44,603 - INFO -   Mean: 42.613
2025-01-17 12:54:44,603 - INFO -   Std: 22.199
2025-01-17 12:54:44,603 - INFO -   Unique values: 930
2025-01-17 12:54:44,604 - INFO - 
fighter_strikes_attempted:
2025-01-17 12:54:44,604 - INFO -   Min: 0.000
2025-01-17 12:54:44,604 - INFO -   Max: 360.000
2025-01-17 12:54:44,604 - INFO -   Mean: 96.077
2025-01-17 12:54:44,604 - INFO -   Std: 49.736
2025-01-17 12:54:44,604 - INFO -   Unique values: 1144
2025-01-17 12:54:44,605 - INFO - 
fighter_strikes_accuracy:
2025-01-17 12:54:44,605 - INFO -   Min: 0.000
2025-01-17 12:54:44,605 - INFO -   Max: 0.952
2025-01-17 12:54:44,605 - INFO -   Mean: 0.455
2025-01-17 12:54:44,605 - INFO -   Std: 0.101
2025-01-17 12:54:44,605 - INFO -   Unique values: 1527
2025-01-17 12:54:44,605 - INFO - 
opponent_strikes_landed:
2025-01-17 12:54:44,605 - INFO -   Min: 0.000
2025-01-17 12:54:44,605 - INFO -   Max: 229.000
2025-01-17 12:54:44,605 - INFO -   Mean: 41.344
2025-01-17 12:54:44,605 - INFO -   Std: 23.855
2025-01-17 12:54:44,605 - INFO -   Unique values: 766
2025-01-17 12:54:44,606 - INFO - 
opponent_strikes_attempted:
2025-01-17 12:54:44,606 - INFO -   Min: 0.000
2025-01-17 12:54:44,606 - INFO -   Max: 393.000
2025-01-17 12:54:44,606 - INFO -   Mean: 92.266
2025-01-17 12:54:44,606 - INFO -   Std: 51.926
2025-01-17 12:54:44,606 - INFO -   Unique values: 991
2025-01-17 12:54:44,607 - INFO - 
opponent_strikes_accuracy:
2025-01-17 12:54:44,607 - INFO -   Min: 0.000
2025-01-17 12:54:44,607 - INFO -   Max: 1.000
2025-01-17 12:54:44,607 - INFO -   Mean: 0.459
2025-01-17 12:54:44,607 - INFO -   Std: 0.103
2025-01-17 12:54:44,607 - INFO -   Unique values: 1457
2025-01-17 12:54:44,607 - INFO - 
fighter_takedowns:
2025-01-17 12:54:44,607 - INFO -   Min: 0.000
2025-01-17 12:54:44,607 - INFO -   Max: 9.000
2025-01-17 12:54:44,607 - INFO -   Mean: 1.132
2025-01-17 12:54:44,607 - INFO -   Std: 1.203
2025-01-17 12:54:44,608 - INFO -   Unique values: 243
2025-01-17 12:54:44,608 - INFO - 
fighter_takedown_accuracy:
2025-01-17 12:54:44,608 - INFO -   Min: 0.000
2025-01-17 12:54:44,608 - INFO -   Max: 1.000
2025-01-17 12:54:44,608 - INFO -   Mean: 0.363
2025-01-17 12:54:44,608 - INFO -   Std: 0.261
2025-01-17 12:54:44,608 - INFO -   Unique values: 314
2025-01-17 12:54:44,609 - INFO - 
opponent_takedowns:
2025-01-17 12:54:44,609 - INFO -   Min: 0.000
2025-01-17 12:54:44,609 - INFO -   Max: 13.000
2025-01-17 12:54:44,609 - INFO -   Mean: 1.081
2025-01-17 12:54:44,609 - INFO -   Std: 1.268
2025-01-17 12:54:44,609 - INFO -   Unique values: 187
2025-01-17 12:54:44,609 - INFO - 
opponent_takedown_accuracy:
2025-01-17 12:54:44,609 - INFO -   Min: 0.000
2025-01-17 12:54:44,609 - INFO -   Max: 1.000
2025-01-17 12:54:44,610 - INFO -   Mean: 0.352
2025-01-17 12:54:44,610 - INFO -   Std: 0.283
2025-01-17 12:54:44,610 - INFO -   Unique values: 260
2025-01-17 12:54:44,610 - INFO - 
fighter_knockdowns:
2025-01-17 12:54:44,610 - INFO -   Min: 0.000
2025-01-17 12:54:44,610 - INFO -   Max: 2.250
2025-01-17 12:54:44,610 - INFO -   Mean: 0.289
2025-01-17 12:54:44,610 - INFO -   Std: 0.329
2025-01-17 12:54:44,610 - INFO -   Unique values: 101
2025-01-17 12:54:44,611 - INFO - 
fighter_ko_ratio:
2025-01-17 12:54:44,611 - INFO -   Min: 0.000
2025-01-17 12:54:44,611 - INFO -   Max: 1.000
2025-01-17 12:54:44,611 - INFO -   Mean: 0.322
2025-01-17 12:54:44,611 - INFO -   Std: 0.283
2025-01-17 12:54:44,611 - INFO -   Unique values: 103
2025-01-17 12:54:44,611 - INFO - 
opponent_knockdowns:
2025-01-17 12:54:44,611 - INFO -   Min: 0.000
2025-01-17 12:54:44,612 - INFO -   Max: 3.500
2025-01-17 12:54:44,612 - INFO -   Mean: 0.311
2025-01-17 12:54:44,612 - INFO -   Std: 0.406
2025-01-17 12:54:44,612 - INFO -   Unique values: 87
2025-01-17 12:54:44,612 - INFO - 
opponent_ko_ratio:
2025-01-17 12:54:44,612 - INFO -   Min: 0.000
2025-01-17 12:54:44,612 - INFO -   Max: 1.000
2025-01-17 12:54:44,612 - INFO -   Mean: 0.321
2025-01-17 12:54:44,612 - INFO -   Std: 0.316
2025-01-17 12:54:44,612 - INFO -   Unique values: 76
2025-01-17 12:54:44,613 - INFO - 
fighter_control_time:
2025-01-17 12:54:44,613 - INFO -   Min: 0.000
2025-01-17 12:54:44,613 - INFO -   Max: 0.000
2025-01-17 12:54:44,613 - INFO -   Mean: 0.000
2025-01-17 12:54:44,613 - INFO -   Std: 0.000
2025-01-17 12:54:44,613 - INFO -   Unique values: 1
2025-01-17 12:54:44,613 - INFO -   Value distribution:
2025-01-17 12:54:44,613 - INFO -     0.0: 1706 (100.0%)
2025-01-17 12:54:44,614 - INFO - 
opponent_control_time:
2025-01-17 12:54:44,614 - INFO -   Min: 0.000
2025-01-17 12:54:44,614 - INFO -   Max: 0.000
2025-01-17 12:54:44,614 - INFO -   Mean: 0.000
2025-01-17 12:54:44,614 - INFO -   Std: 0.000
2025-01-17 12:54:44,614 - INFO -   Unique values: 1
2025-01-17 12:54:44,614 - INFO -   Value distribution:
2025-01-17 12:54:44,614 - INFO -     0.0: 1706 (100.0%)
2025-01-17 13:12:37,250 - INFO - 
📊 Feature Statistics:
2025-01-17 13:12:37,251 - INFO - 
win:
2025-01-17 13:12:37,251 - INFO -   Min: 0.000
2025-01-17 13:12:37,251 - INFO -   Max: 1.000
2025-01-17 13:12:37,251 - INFO -   Mean: 0.581
2025-01-17 13:12:37,251 - INFO -   Std: 0.494
2025-01-17 13:12:37,251 - INFO -   Unique values: 2
2025-01-17 13:12:37,252 - INFO -   Value distribution:
2025-01-17 13:12:37,252 - INFO -     1: 991 (58.1%)
2025-01-17 13:12:37,252 - INFO -     0: 715 (41.9%)
2025-01-17 13:12:37,252 - INFO - 
height_diff:
2025-01-17 13:12:37,252 - INFO -   Min: -12.000
2025-01-17 13:12:37,252 - INFO -   Max: 10.000
2025-01-17 13:12:37,252 - INFO -   Mean: -0.021
2025-01-17 13:12:37,252 - INFO -   Std: 2.469
2025-01-17 13:12:37,252 - INFO -   Unique values: 25
2025-01-17 13:12:37,253 - INFO - 
reach_diff:
2025-01-17 13:12:37,253 - INFO -   Min: -12.000
2025-01-17 13:12:37,253 - INFO -   Max: 11.000
2025-01-17 13:12:37,253 - INFO -   Mean: 0.143
2025-01-17 13:12:37,253 - INFO -   Std: 3.225
2025-01-17 13:12:37,253 - INFO -   Unique values: 36
2025-01-17 13:12:37,254 - INFO - 
weight_diff:
2025-01-17 13:12:37,254 - INFO -   Min: -60.000
2025-01-17 13:12:37,254 - INFO -   Max: 63.000
2025-01-17 13:12:37,254 - INFO -   Mean: 0.415
2025-01-17 13:12:37,254 - INFO -   Std: 10.388
2025-01-17 13:12:37,254 - INFO -   Unique values: 56
2025-01-17 13:12:37,254 - INFO - 
weight_class_diff:
2025-01-17 13:12:37,254 - INFO -   Min: -3.000
2025-01-17 13:12:37,254 - INFO -   Max: 3.000
2025-01-17 13:12:37,254 - INFO -   Mean: 0.008
2025-01-17 13:12:37,254 - INFO -   Std: 0.541
2025-01-17 13:12:37,255 - INFO -   Unique values: 7
2025-01-17 13:12:37,255 - INFO -   Value distribution:
2025-01-17 13:12:37,255 - INFO -     0: 1286 (75.4%)
2025-01-17 13:12:37,255 - INFO -     1: 212 (12.4%)
2025-01-17 13:12:37,255 - INFO -     -1: 185 (10.8%)
2025-01-17 13:12:37,255 - INFO -     -2: 14 (0.8%)
2025-01-17 13:12:37,255 - INFO -     2: 7 (0.4%)
2025-01-17 13:12:37,255 - INFO -     -3: 1 (0.1%)
2025-01-17 13:12:37,255 - INFO -     3: 1 (0.1%)
2025-01-17 13:12:37,255 - INFO - 
age_diff:
2025-01-17 13:12:37,255 - INFO -   Min: -16.537
2025-01-17 13:12:37,255 - INFO -   Max: 17.596
2025-01-17 13:12:37,255 - INFO -   Mean: 0.651
2025-01-17 13:12:37,255 - INFO -   Std: 5.088
2025-01-17 13:12:37,256 - INFO -   Unique values: 1594
2025-01-17 13:12:37,256 - INFO - 
fighter_form_score:
2025-01-17 13:12:37,256 - INFO -   Min: -1.500
2025-01-17 13:12:37,256 - INFO -   Max: 1.500
2025-01-17 13:12:37,256 - INFO -   Mean: 0.205
2025-01-17 13:12:37,256 - INFO -   Std: 0.690
2025-01-17 13:12:37,256 - INFO -   Unique values: 58
2025-01-17 13:12:37,257 - INFO - 
opponent_form_score:
2025-01-17 13:12:37,257 - INFO -   Min: -1.500
2025-01-17 13:12:37,257 - INFO -   Max: 1.500
2025-01-17 13:12:37,257 - INFO -   Mean: 0.194
2025-01-17 13:12:37,257 - INFO -   Std: 0.639
2025-01-17 13:12:37,257 - INFO -   Unique values: 58
2025-01-17 13:12:37,257 - INFO - 
fighter_fight_no:
2025-01-17 13:12:37,257 - INFO -   Min: 3.000
2025-01-17 13:12:37,257 - INFO -   Max: 35.000
2025-01-17 13:12:37,257 - INFO -   Mean: 8.521
2025-01-17 13:12:37,258 - INFO -   Std: 4.602
2025-01-17 13:12:37,258 - INFO -   Unique values: 30
2025-01-17 13:12:37,258 - INFO - 
opponent_fight_no:
2025-01-17 13:12:37,258 - INFO -   Min: 3.000
2025-01-17 13:12:37,258 - INFO -   Max: 21.000
2025-01-17 13:12:37,258 - INFO -   Mean: 6.057
2025-01-17 13:12:37,258 - INFO -   Std: 2.574
2025-01-17 13:12:37,258 - INFO -   Unique values: 19
2025-01-17 13:12:37,259 - INFO - 
fighter_win_ratio:
2025-01-17 13:12:37,259 - INFO -   Min: 0.000
2025-01-17 13:12:37,259 - INFO -   Max: 1.000
2025-01-17 13:12:37,259 - INFO -   Mean: 0.623
2025-01-17 13:12:37,259 - INFO -   Std: 0.274
2025-01-17 13:12:37,259 - INFO -   Unique values: 84
2025-01-17 13:12:37,259 - INFO - 
fighter_recent_win_ratio:
2025-01-17 13:12:37,260 - INFO -   Min: 0.000
2025-01-17 13:12:37,260 - INFO -   Max: 1.000
2025-01-17 13:12:37,260 - INFO -   Mean: 0.586
2025-01-17 13:12:37,260 - INFO -   Std: 0.323
2025-01-17 13:12:37,260 - INFO -   Unique values: 5
2025-01-17 13:12:37,260 - INFO -   Value distribution:
2025-01-17 13:12:37,260 - INFO -     0.6666666666666666: 500 (29.3%)
2025-01-17 13:12:37,260 - INFO -     1.0: 466 (27.3%)
2025-01-17 13:12:37,260 - INFO -     0.3333333333333333: 449 (26.3%)
2025-01-17 13:12:37,260 - INFO -     0.0: 189 (11.1%)
2025-01-17 13:12:37,260 - INFO -     0.5: 102 (6.0%)
2025-01-17 13:12:37,260 - INFO - 
opponent_win_ratio:
2025-01-17 13:12:37,261 - INFO -   Min: 0.000
2025-01-17 13:12:37,261 - INFO -   Max: 1.000
2025-01-17 13:12:37,261 - INFO -   Mean: 0.599
2025-01-17 13:12:37,261 - INFO -   Std: 0.307
2025-01-17 13:12:37,261 - INFO -   Unique values: 70
2025-01-17 13:12:37,261 - INFO - 
opponent_recent_win_ratio:
2025-01-17 13:12:37,261 - INFO -   Min: 0.000
2025-01-17 13:12:37,261 - INFO -   Max: 1.000
2025-01-17 13:12:37,261 - INFO -   Mean: 0.588
2025-01-17 13:12:37,261 - INFO -   Std: 0.339
2025-01-17 13:12:37,261 - INFO -   Unique values: 5
2025-01-17 13:12:37,262 - INFO -   Value distribution:
2025-01-17 13:12:37,262 - INFO -     1.0: 504 (29.5%)
2025-01-17 13:12:37,262 - INFO -     0.6666666666666666: 467 (27.4%)
2025-01-17 13:12:37,262 - INFO -     0.3333333333333333: 351 (20.6%)
2025-01-17 13:12:37,262 - INFO -     0.0: 241 (14.1%)
2025-01-17 13:12:37,262 - INFO -     0.5: 143 (8.4%)
2025-01-17 13:12:37,262 - INFO - 
fighter_strikes_landed:
2025-01-17 13:12:37,262 - INFO -   Min: 0.000
2025-01-17 13:12:37,262 - INFO -   Max: 180.333
2025-01-17 13:12:37,262 - INFO -   Mean: 42.613
2025-01-17 13:12:37,262 - INFO -   Std: 22.199
2025-01-17 13:12:37,262 - INFO -   Unique values: 930
2025-01-17 13:12:37,263 - INFO - 
fighter_strikes_attempted:
2025-01-17 13:12:37,263 - INFO -   Min: 0.000
2025-01-17 13:12:37,263 - INFO -   Max: 360.000
2025-01-17 13:12:37,263 - INFO -   Mean: 96.077
2025-01-17 13:12:37,263 - INFO -   Std: 49.736
2025-01-17 13:12:37,263 - INFO -   Unique values: 1144
2025-01-17 13:12:37,264 - INFO - 
fighter_strikes_accuracy:
2025-01-17 13:12:37,264 - INFO -   Min: 0.000
2025-01-17 13:12:37,264 - INFO -   Max: 0.952
2025-01-17 13:12:37,264 - INFO -   Mean: 0.455
2025-01-17 13:12:37,264 - INFO -   Std: 0.101
2025-01-17 13:12:37,264 - INFO -   Unique values: 1527
2025-01-17 13:12:37,264 - INFO - 
opponent_strikes_landed:
2025-01-17 13:12:37,264 - INFO -   Min: 0.000
2025-01-17 13:12:37,264 - INFO -   Max: 229.000
2025-01-17 13:12:37,265 - INFO -   Mean: 41.344
2025-01-17 13:12:37,265 - INFO -   Std: 23.855
2025-01-17 13:12:37,265 - INFO -   Unique values: 766
2025-01-17 13:12:37,265 - INFO - 
opponent_strikes_attempted:
2025-01-17 13:12:37,265 - INFO -   Min: 0.000
2025-01-17 13:12:37,265 - INFO -   Max: 393.000
2025-01-17 13:12:37,265 - INFO -   Mean: 92.266
2025-01-17 13:12:37,265 - INFO -   Std: 51.926
2025-01-17 13:12:37,265 - INFO -   Unique values: 991
2025-01-17 13:12:37,266 - INFO - 
opponent_strikes_accuracy:
2025-01-17 13:12:37,266 - INFO -   Min: 0.000
2025-01-17 13:12:37,266 - INFO -   Max: 1.000
2025-01-17 13:12:37,266 - INFO -   Mean: 0.459
2025-01-17 13:12:37,266 - INFO -   Std: 0.103
2025-01-17 13:12:37,266 - INFO -   Unique values: 1457
2025-01-17 13:12:37,267 - INFO - 
fighter_takedowns:
2025-01-17 13:12:37,267 - INFO -   Min: 0.000
2025-01-17 13:12:37,267 - INFO -   Max: 9.000
2025-01-17 13:12:37,267 - INFO -   Mean: 1.132
2025-01-17 13:12:37,267 - INFO -   Std: 1.203
2025-01-17 13:12:37,267 - INFO -   Unique values: 243
2025-01-17 13:12:37,267 - INFO - 
fighter_takedown_accuracy:
2025-01-17 13:12:37,267 - INFO -   Min: 0.000
2025-01-17 13:12:37,267 - INFO -   Max: 1.000
2025-01-17 13:12:37,267 - INFO -   Mean: 0.363
2025-01-17 13:12:37,267 - INFO -   Std: 0.261
2025-01-17 13:12:37,268 - INFO -   Unique values: 314
2025-01-17 13:12:37,268 - INFO - 
opponent_takedowns:
2025-01-17 13:12:37,268 - INFO -   Min: 0.000
2025-01-17 13:12:37,268 - INFO -   Max: 13.000
2025-01-17 13:12:37,268 - INFO -   Mean: 1.081
2025-01-17 13:12:37,268 - INFO -   Std: 1.268
2025-01-17 13:12:37,268 - INFO -   Unique values: 187
2025-01-17 13:12:37,269 - INFO - 
opponent_takedown_accuracy:
2025-01-17 13:12:37,269 - INFO -   Min: 0.000
2025-01-17 13:12:37,269 - INFO -   Max: 1.000
2025-01-17 13:12:37,269 - INFO -   Mean: 0.352
2025-01-17 13:12:37,269 - INFO -   Std: 0.283
2025-01-17 13:12:37,269 - INFO -   Unique values: 260
2025-01-17 13:12:37,269 - INFO - 
fighter_knockdowns:
2025-01-17 13:12:37,269 - INFO -   Min: 0.000
2025-01-17 13:12:37,270 - INFO -   Max: 2.250
2025-01-17 13:12:37,270 - INFO -   Mean: 0.289
2025-01-17 13:12:37,270 - INFO -   Std: 0.329
2025-01-17 13:12:37,270 - INFO -   Unique values: 101
2025-01-17 13:12:37,270 - INFO - 
fighter_ko_ratio:
2025-01-17 13:12:37,270 - INFO -   Min: 0.000
2025-01-17 13:12:37,270 - INFO -   Max: 1.000
2025-01-17 13:12:37,270 - INFO -   Mean: 0.322
2025-01-17 13:12:37,270 - INFO -   Std: 0.283
2025-01-17 13:12:37,270 - INFO -   Unique values: 103
2025-01-17 13:12:37,271 - INFO - 
opponent_knockdowns:
2025-01-17 13:12:37,271 - INFO -   Min: 0.000
2025-01-17 13:12:37,271 - INFO -   Max: 3.500
2025-01-17 13:12:37,271 - INFO -   Mean: 0.311
2025-01-17 13:12:37,271 - INFO -   Std: 0.406
2025-01-17 13:12:37,271 - INFO -   Unique values: 87
2025-01-17 13:12:37,272 - INFO - 
opponent_ko_ratio:
2025-01-17 13:12:37,272 - INFO -   Min: 0.000
2025-01-17 13:12:37,272 - INFO -   Max: 1.000
2025-01-17 13:12:37,272 - INFO -   Mean: 0.321
2025-01-17 13:12:37,272 - INFO -   Std: 0.316
2025-01-17 13:12:37,272 - INFO -   Unique values: 76
2025-01-17 13:12:37,272 - INFO - 
fighter_control_time:
2025-01-17 13:12:37,272 - INFO -   Min: 0.000
2025-01-17 13:12:37,272 - INFO -   Max: 0.000
2025-01-17 13:12:37,272 - INFO -   Mean: 0.000
2025-01-17 13:12:37,272 - INFO -   Std: 0.000
2025-01-17 13:12:37,272 - INFO -   Unique values: 1
2025-01-17 13:12:37,273 - INFO -   Value distribution:
2025-01-17 13:12:37,273 - INFO -     0.0: 1706 (100.0%)
2025-01-17 13:12:37,273 - INFO - 
opponent_control_time:
2025-01-17 13:12:37,273 - INFO -   Min: 0.000
2025-01-17 13:12:37,273 - INFO -   Max: 0.000
2025-01-17 13:12:37,273 - INFO -   Mean: 0.000
2025-01-17 13:12:37,273 - INFO -   Std: 0.000
2025-01-17 13:12:37,273 - INFO -   Unique values: 1
2025-01-17 13:12:37,273 - INFO -   Value distribution:
2025-01-17 13:12:37,273 - INFO -     0.0: 1706 (100.0%)
2025-01-17 13:14:46,019 - INFO - 
📊 Feature Statistics:
2025-01-17 13:14:46,020 - INFO - 
win:
2025-01-17 13:14:46,020 - INFO -   Min: 0.000
2025-01-17 13:14:46,020 - INFO -   Max: 1.000
2025-01-17 13:14:46,020 - INFO -   Mean: 0.581
2025-01-17 13:14:46,020 - INFO -   Std: 0.494
2025-01-17 13:14:46,020 - INFO -   Unique values: 2
2025-01-17 13:14:46,020 - INFO -   Value distribution:
2025-01-17 13:14:46,020 - INFO -     1: 991 (58.1%)
2025-01-17 13:14:46,020 - INFO -     0: 715 (41.9%)
2025-01-17 13:14:46,021 - INFO - 
height_diff:
2025-01-17 13:14:46,021 - INFO -   Min: -12.000
2025-01-17 13:14:46,021 - INFO -   Max: 10.000
2025-01-17 13:14:46,021 - INFO -   Mean: -0.021
2025-01-17 13:14:46,021 - INFO -   Std: 2.469
2025-01-17 13:14:46,021 - INFO -   Unique values: 25
2025-01-17 13:14:46,022 - INFO - 
reach_diff:
2025-01-17 13:14:46,022 - INFO -   Min: -12.000
2025-01-17 13:14:46,022 - INFO -   Max: 11.000
2025-01-17 13:14:46,022 - INFO -   Mean: 0.143
2025-01-17 13:14:46,022 - INFO -   Std: 3.225
2025-01-17 13:14:46,022 - INFO -   Unique values: 36
2025-01-17 13:14:46,023 - INFO - 
age_diff:
2025-01-17 13:14:46,023 - INFO -   Min: -16.537
2025-01-17 13:14:46,023 - INFO -   Max: 17.596
2025-01-17 13:14:46,023 - INFO -   Mean: 0.651
2025-01-17 13:14:46,023 - INFO -   Std: 5.088
2025-01-17 13:14:46,023 - INFO -   Unique values: 1594
2025-01-17 13:14:46,023 - INFO - 
fighter_form_score:
2025-01-17 13:14:46,023 - INFO -   Min: -1.500
2025-01-17 13:14:46,023 - INFO -   Max: 1.500
2025-01-17 13:14:46,023 - INFO -   Mean: 0.205
2025-01-17 13:14:46,023 - INFO -   Std: 0.690
2025-01-17 13:14:46,023 - INFO -   Unique values: 58
2025-01-17 13:14:46,024 - INFO - 
opponent_form_score:
2025-01-17 13:14:46,024 - INFO -   Min: -1.500
2025-01-17 13:14:46,024 - INFO -   Max: 1.500
2025-01-17 13:14:46,024 - INFO -   Mean: 0.194
2025-01-17 13:14:46,024 - INFO -   Std: 0.639
2025-01-17 13:14:46,024 - INFO -   Unique values: 58
2025-01-17 13:14:46,025 - INFO - 
fighter_fight_no:
2025-01-17 13:14:46,025 - INFO -   Min: 3.000
2025-01-17 13:14:46,025 - INFO -   Max: 35.000
2025-01-17 13:14:46,025 - INFO -   Mean: 8.521
2025-01-17 13:14:46,025 - INFO -   Std: 4.602
2025-01-17 13:14:46,025 - INFO -   Unique values: 30
2025-01-17 13:14:46,025 - INFO - 
opponent_fight_no:
2025-01-17 13:14:46,025 - INFO -   Min: 3.000
2025-01-17 13:14:46,026 - INFO -   Max: 21.000
2025-01-17 13:14:46,026 - INFO -   Mean: 6.057
2025-01-17 13:14:46,026 - INFO -   Std: 2.574
2025-01-17 13:14:46,026 - INFO -   Unique values: 19
2025-01-17 13:14:46,026 - INFO - 
fighter_win_ratio:
2025-01-17 13:14:46,026 - INFO -   Min: 0.000
2025-01-17 13:14:46,026 - INFO -   Max: 1.000
2025-01-17 13:14:46,026 - INFO -   Mean: 0.623
2025-01-17 13:14:46,026 - INFO -   Std: 0.274
2025-01-17 13:14:46,026 - INFO -   Unique values: 84
2025-01-17 13:14:46,027 - INFO - 
fighter_recent_win_ratio:
2025-01-17 13:14:46,027 - INFO -   Min: 0.000
2025-01-17 13:14:46,027 - INFO -   Max: 1.000
2025-01-17 13:14:46,027 - INFO -   Mean: 0.586
2025-01-17 13:14:46,027 - INFO -   Std: 0.323
2025-01-17 13:14:46,027 - INFO -   Unique values: 5
2025-01-17 13:14:46,027 - INFO -   Value distribution:
2025-01-17 13:14:46,027 - INFO -     0.6666666666666666: 500 (29.3%)
2025-01-17 13:14:46,027 - INFO -     1.0: 466 (27.3%)
2025-01-17 13:14:46,027 - INFO -     0.3333333333333333: 449 (26.3%)
2025-01-17 13:14:46,028 - INFO -     0.0: 189 (11.1%)
2025-01-17 13:14:46,028 - INFO -     0.5: 102 (6.0%)
2025-01-17 13:14:46,028 - INFO - 
opponent_win_ratio:
2025-01-17 13:14:46,028 - INFO -   Min: 0.000
2025-01-17 13:14:46,028 - INFO -   Max: 1.000
2025-01-17 13:14:46,028 - INFO -   Mean: 0.599
2025-01-17 13:14:46,028 - INFO -   Std: 0.307
2025-01-17 13:14:46,028 - INFO -   Unique values: 70
2025-01-17 13:14:46,029 - INFO - 
opponent_recent_win_ratio:
2025-01-17 13:14:46,029 - INFO -   Min: 0.000
2025-01-17 13:14:46,029 - INFO -   Max: 1.000
2025-01-17 13:14:46,029 - INFO -   Mean: 0.588
2025-01-17 13:14:46,029 - INFO -   Std: 0.339
2025-01-17 13:14:46,029 - INFO -   Unique values: 5
2025-01-17 13:14:46,029 - INFO -   Value distribution:
2025-01-17 13:14:46,029 - INFO -     1.0: 504 (29.5%)
2025-01-17 13:14:46,029 - INFO -     0.6666666666666666: 467 (27.4%)
2025-01-17 13:14:46,029 - INFO -     0.3333333333333333: 351 (20.6%)
2025-01-17 13:14:46,029 - INFO -     0.0: 241 (14.1%)
2025-01-17 13:14:46,029 - INFO -     0.5: 143 (8.4%)
2025-01-17 13:14:46,030 - INFO - 
fighter_strikes_landed:
2025-01-17 13:14:46,030 - INFO -   Min: 0.000
2025-01-17 13:14:46,030 - INFO -   Max: 180.333
2025-01-17 13:14:46,030 - INFO -   Mean: 42.613
2025-01-17 13:14:46,030 - INFO -   Std: 22.199
2025-01-17 13:14:46,030 - INFO -   Unique values: 930
2025-01-17 13:14:46,031 - INFO - 
fighter_strikes_attempted:
2025-01-17 13:14:46,031 - INFO -   Min: 0.000
2025-01-17 13:14:46,031 - INFO -   Max: 360.000
2025-01-17 13:14:46,031 - INFO -   Mean: 96.077
2025-01-17 13:14:46,031 - INFO -   Std: 49.736
2025-01-17 13:14:46,031 - INFO -   Unique values: 1144
2025-01-17 13:14:46,032 - INFO - 
fighter_strikes_accuracy:
2025-01-17 13:14:46,032 - INFO -   Min: 0.000
2025-01-17 13:14:46,032 - INFO -   Max: 0.952
2025-01-17 13:14:46,032 - INFO -   Mean: 0.455
2025-01-17 13:14:46,032 - INFO -   Std: 0.101
2025-01-17 13:14:46,032 - INFO -   Unique values: 1527
2025-01-17 13:14:46,032 - INFO - 
opponent_strikes_landed:
2025-01-17 13:14:46,032 - INFO -   Min: 0.000
2025-01-17 13:14:46,032 - INFO -   Max: 229.000
2025-01-17 13:14:46,033 - INFO -   Mean: 41.344
2025-01-17 13:14:46,033 - INFO -   Std: 23.855
2025-01-17 13:14:46,033 - INFO -   Unique values: 766
2025-01-17 13:14:46,033 - INFO - 
opponent_strikes_attempted:
2025-01-17 13:14:46,033 - INFO -   Min: 0.000
2025-01-17 13:14:46,033 - INFO -   Max: 393.000
2025-01-17 13:14:46,033 - INFO -   Mean: 92.266
2025-01-17 13:14:46,033 - INFO -   Std: 51.926
2025-01-17 13:14:46,033 - INFO -   Unique values: 991
2025-01-17 13:14:46,034 - INFO - 
opponent_strikes_accuracy:
2025-01-17 13:14:46,034 - INFO -   Min: 0.000
2025-01-17 13:14:46,034 - INFO -   Max: 1.000
2025-01-17 13:14:46,034 - INFO -   Mean: 0.459
2025-01-17 13:14:46,034 - INFO -   Std: 0.103
2025-01-17 13:14:46,034 - INFO -   Unique values: 1457
2025-01-17 13:14:46,035 - INFO - 
fighter_takedowns:
2025-01-17 13:14:46,035 - INFO -   Min: 0.000
2025-01-17 13:14:46,035 - INFO -   Max: 9.000
2025-01-17 13:14:46,035 - INFO -   Mean: 1.132
2025-01-17 13:14:46,035 - INFO -   Std: 1.203
2025-01-17 13:14:46,035 - INFO -   Unique values: 243
2025-01-17 13:14:46,036 - INFO - 
fighter_takedown_accuracy:
2025-01-17 13:14:46,036 - INFO -   Min: 0.000
2025-01-17 13:14:46,036 - INFO -   Max: 1.000
2025-01-17 13:14:46,036 - INFO -   Mean: 0.363
2025-01-17 13:14:46,036 - INFO -   Std: 0.261
2025-01-17 13:14:46,036 - INFO -   Unique values: 314
2025-01-17 13:14:46,036 - INFO - 
opponent_takedowns:
2025-01-17 13:14:46,036 - INFO -   Min: 0.000
2025-01-17 13:14:46,036 - INFO -   Max: 13.000
2025-01-17 13:14:46,036 - INFO -   Mean: 1.081
2025-01-17 13:14:46,036 - INFO -   Std: 1.268
2025-01-17 13:14:46,037 - INFO -   Unique values: 187
2025-01-17 13:14:46,037 - INFO - 
opponent_takedown_accuracy:
2025-01-17 13:14:46,037 - INFO -   Min: 0.000
2025-01-17 13:14:46,037 - INFO -   Max: 1.000
2025-01-17 13:14:46,037 - INFO -   Mean: 0.352
2025-01-17 13:14:46,037 - INFO -   Std: 0.283
2025-01-17 13:14:46,037 - INFO -   Unique values: 260
2025-01-17 13:14:46,038 - INFO - 
fighter_knockdowns:
2025-01-17 13:14:46,038 - INFO -   Min: 0.000
2025-01-17 13:14:46,038 - INFO -   Max: 2.250
2025-01-17 13:14:46,038 - INFO -   Mean: 0.289
2025-01-17 13:14:46,038 - INFO -   Std: 0.329
2025-01-17 13:14:46,038 - INFO -   Unique values: 101
2025-01-17 13:14:46,039 - INFO - 
fighter_ko_ratio:
2025-01-17 13:14:46,039 - INFO -   Min: 0.000
2025-01-17 13:14:46,039 - INFO -   Max: 1.000
2025-01-17 13:14:46,039 - INFO -   Mean: 0.322
2025-01-17 13:14:46,039 - INFO -   Std: 0.283
2025-01-17 13:14:46,039 - INFO -   Unique values: 103
2025-01-17 13:14:46,039 - INFO - 
opponent_knockdowns:
2025-01-17 13:14:46,039 - INFO -   Min: 0.000
2025-01-17 13:14:46,039 - INFO -   Max: 3.500
2025-01-17 13:14:46,039 - INFO -   Mean: 0.311
2025-01-17 13:14:46,040 - INFO -   Std: 0.406
2025-01-17 13:14:46,040 - INFO -   Unique values: 87
2025-01-17 13:14:46,040 - INFO - 
opponent_ko_ratio:
2025-01-17 13:14:46,040 - INFO -   Min: 0.000
2025-01-17 13:14:46,040 - INFO -   Max: 1.000
2025-01-17 13:14:46,040 - INFO -   Mean: 0.321
2025-01-17 13:14:46,040 - INFO -   Std: 0.316
2025-01-17 13:14:46,040 - INFO -   Unique values: 76
2025-01-17 13:14:46,041 - INFO - 
fighter_control_time:
2025-01-17 13:14:46,041 - INFO -   Min: 0.000
2025-01-17 13:14:46,041 - INFO -   Max: 0.000
2025-01-17 13:14:46,041 - INFO -   Mean: 0.000
2025-01-17 13:14:46,041 - INFO -   Std: 0.000
2025-01-17 13:14:46,041 - INFO -   Unique values: 1
2025-01-17 13:14:46,041 - INFO -   Value distribution:
2025-01-17 13:14:46,041 - INFO -     0.0: 1706 (100.0%)
2025-01-17 13:14:46,042 - INFO - 
opponent_control_time:
2025-01-17 13:14:46,042 - INFO -   Min: 0.000
2025-01-17 13:14:46,042 - INFO -   Max: 0.000
2025-01-17 13:14:46,042 - INFO -   Mean: 0.000
2025-01-17 13:14:46,042 - INFO -   Std: 0.000
2025-01-17 13:14:46,042 - INFO -   Unique values: 1
2025-01-17 13:14:46,042 - INFO -   Value distribution:
2025-01-17 13:14:46,042 - INFO -     0.0: 1706 (100.0%)
2025-01-17 13:20:26,324 - INFO - 
📊 Feature Statistics:
2025-01-17 13:20:26,325 - INFO - 
win:
2025-01-17 13:20:26,325 - INFO -   Min: 0.000
2025-01-17 13:20:26,326 - INFO -   Max: 1.000
2025-01-17 13:20:26,326 - INFO -   Mean: 0.581
2025-01-17 13:20:26,326 - INFO -   Std: 0.494
2025-01-17 13:20:26,326 - INFO -   Unique values: 2
2025-01-17 13:20:26,326 - INFO -   Value distribution:
2025-01-17 13:20:26,326 - INFO -     1: 991 (58.1%)
2025-01-17 13:20:26,326 - INFO -     0: 715 (41.9%)
2025-01-17 13:20:26,327 - INFO - 
weight_diff:
2025-01-17 13:20:26,327 - INFO -   Min: -60.000
2025-01-17 13:20:26,327 - INFO -   Max: 63.000
2025-01-17 13:20:26,327 - INFO -   Mean: 0.415
2025-01-17 13:20:26,327 - INFO -   Std: 10.388
2025-01-17 13:20:26,327 - INFO -   Unique values: 56
2025-01-17 13:20:26,327 - INFO - 
height_diff:
2025-01-17 13:20:26,327 - INFO -   Min: -12.000
2025-01-17 13:20:26,327 - INFO -   Max: 10.000
2025-01-17 13:20:26,327 - INFO -   Mean: -0.021
2025-01-17 13:20:26,327 - INFO -   Std: 2.469
2025-01-17 13:20:26,328 - INFO -   Unique values: 25
2025-01-17 13:20:26,328 - INFO - 
reach_diff:
2025-01-17 13:20:26,328 - INFO -   Min: -12.000
2025-01-17 13:20:26,328 - INFO -   Max: 11.000
2025-01-17 13:20:26,328 - INFO -   Mean: 0.143
2025-01-17 13:20:26,328 - INFO -   Std: 3.225
2025-01-17 13:20:26,328 - INFO -   Unique values: 36
2025-01-17 13:20:26,329 - INFO - 
age_diff:
2025-01-17 13:20:26,329 - INFO -   Min: -16.537
2025-01-17 13:20:26,329 - INFO -   Max: 17.596
2025-01-17 13:20:26,329 - INFO -   Mean: 0.651
2025-01-17 13:20:26,329 - INFO -   Std: 5.088
2025-01-17 13:20:26,329 - INFO -   Unique values: 1594
2025-01-17 13:20:26,330 - INFO - 
fighter_form_score:
2025-01-17 13:20:26,330 - INFO -   Min: -1.500
2025-01-17 13:20:26,330 - INFO -   Max: 1.500
2025-01-17 13:20:26,330 - INFO -   Mean: 0.205
2025-01-17 13:20:26,330 - INFO -   Std: 0.690
2025-01-17 13:20:26,330 - INFO -   Unique values: 58
2025-01-17 13:20:26,330 - INFO - 
opponent_form_score:
2025-01-17 13:20:26,330 - INFO -   Min: -1.500
2025-01-17 13:20:26,330 - INFO -   Max: 1.500
2025-01-17 13:20:26,330 - INFO -   Mean: 0.194
2025-01-17 13:20:26,330 - INFO -   Std: 0.639
2025-01-17 13:20:26,331 - INFO -   Unique values: 58
2025-01-17 13:20:26,331 - INFO - 
fighter_fight_no:
2025-01-17 13:20:26,331 - INFO -   Min: 3.000
2025-01-17 13:20:26,331 - INFO -   Max: 35.000
2025-01-17 13:20:26,331 - INFO -   Mean: 8.521
2025-01-17 13:20:26,331 - INFO -   Std: 4.602
2025-01-17 13:20:26,331 - INFO -   Unique values: 30
2025-01-17 13:20:26,332 - INFO - 
opponent_fight_no:
2025-01-17 13:20:26,332 - INFO -   Min: 3.000
2025-01-17 13:20:26,332 - INFO -   Max: 21.000
2025-01-17 13:20:26,332 - INFO -   Mean: 6.057
2025-01-17 13:20:26,332 - INFO -   Std: 2.574
2025-01-17 13:20:26,332 - INFO -   Unique values: 19
2025-01-17 13:20:26,333 - INFO - 
fighter_win_ratio:
2025-01-17 13:20:26,333 - INFO -   Min: 0.000
2025-01-17 13:20:26,333 - INFO -   Max: 1.000
2025-01-17 13:20:26,333 - INFO -   Mean: 0.623
2025-01-17 13:20:26,333 - INFO -   Std: 0.274
2025-01-17 13:20:26,333 - INFO -   Unique values: 84
2025-01-17 13:20:26,333 - INFO - 
fighter_recent_win_ratio:
2025-01-17 13:20:26,333 - INFO -   Min: 0.000
2025-01-17 13:20:26,333 - INFO -   Max: 1.000
2025-01-17 13:20:26,333 - INFO -   Mean: 0.586
2025-01-17 13:20:26,333 - INFO -   Std: 0.323
2025-01-17 13:20:26,333 - INFO -   Unique values: 5
2025-01-17 13:20:26,334 - INFO -   Value distribution:
2025-01-17 13:20:26,334 - INFO -     0.6666666666666666: 500 (29.3%)
2025-01-17 13:20:26,334 - INFO -     1.0: 466 (27.3%)
2025-01-17 13:20:26,334 - INFO -     0.3333333333333333: 449 (26.3%)
2025-01-17 13:20:26,334 - INFO -     0.0: 189 (11.1%)
2025-01-17 13:20:26,334 - INFO -     0.5: 102 (6.0%)
2025-01-17 13:20:26,334 - INFO - 
opponent_win_ratio:
2025-01-17 13:20:26,334 - INFO -   Min: 0.000
2025-01-17 13:20:26,334 - INFO -   Max: 1.000
2025-01-17 13:20:26,334 - INFO -   Mean: 0.599
2025-01-17 13:20:26,334 - INFO -   Std: 0.307
2025-01-17 13:20:26,335 - INFO -   Unique values: 70
2025-01-17 13:20:26,335 - INFO - 
opponent_recent_win_ratio:
2025-01-17 13:20:26,335 - INFO -   Min: 0.000
2025-01-17 13:20:26,335 - INFO -   Max: 1.000
2025-01-17 13:20:26,335 - INFO -   Mean: 0.588
2025-01-17 13:20:26,335 - INFO -   Std: 0.339
2025-01-17 13:20:26,335 - INFO -   Unique values: 5
2025-01-17 13:20:26,335 - INFO -   Value distribution:
2025-01-17 13:20:26,335 - INFO -     1.0: 504 (29.5%)
2025-01-17 13:20:26,335 - INFO -     0.6666666666666666: 467 (27.4%)
2025-01-17 13:20:26,335 - INFO -     0.3333333333333333: 351 (20.6%)
2025-01-17 13:20:26,336 - INFO -     0.0: 241 (14.1%)
2025-01-17 13:20:26,336 - INFO -     0.5: 143 (8.4%)
2025-01-17 13:20:26,336 - INFO - 
fighter_strikes_landed:
2025-01-17 13:20:26,336 - INFO -   Min: 0.000
2025-01-17 13:20:26,336 - INFO -   Max: 180.333
2025-01-17 13:20:26,336 - INFO -   Mean: 42.613
2025-01-17 13:20:26,336 - INFO -   Std: 22.199
2025-01-17 13:20:26,336 - INFO -   Unique values: 930
2025-01-17 13:20:26,337 - INFO - 
fighter_strikes_attempted:
2025-01-17 13:20:26,337 - INFO -   Min: 0.000
2025-01-17 13:20:26,337 - INFO -   Max: 360.000
2025-01-17 13:20:26,337 - INFO -   Mean: 96.077
2025-01-17 13:20:26,337 - INFO -   Std: 49.736
2025-01-17 13:20:26,337 - INFO -   Unique values: 1144
2025-01-17 13:20:26,338 - INFO - 
fighter_strikes_accuracy:
2025-01-17 13:20:26,338 - INFO -   Min: 0.000
2025-01-17 13:20:26,338 - INFO -   Max: 0.952
2025-01-17 13:20:26,338 - INFO -   Mean: 0.455
2025-01-17 13:20:26,338 - INFO -   Std: 0.101
2025-01-17 13:20:26,338 - INFO -   Unique values: 1527
2025-01-17 13:20:26,338 - INFO - 
opponent_strikes_landed:
2025-01-17 13:20:26,338 - INFO -   Min: 0.000
2025-01-17 13:20:26,338 - INFO -   Max: 229.000
2025-01-17 13:20:26,339 - INFO -   Mean: 41.344
2025-01-17 13:20:26,339 - INFO -   Std: 23.855
2025-01-17 13:20:26,339 - INFO -   Unique values: 766
2025-01-17 13:20:26,339 - INFO - 
opponent_strikes_attempted:
2025-01-17 13:20:26,339 - INFO -   Min: 0.000
2025-01-17 13:20:26,339 - INFO -   Max: 393.000
2025-01-17 13:20:26,339 - INFO -   Mean: 92.266
2025-01-17 13:20:26,339 - INFO -   Std: 51.926
2025-01-17 13:20:26,339 - INFO -   Unique values: 991
2025-01-17 13:20:26,340 - INFO - 
opponent_strikes_accuracy:
2025-01-17 13:20:26,340 - INFO -   Min: 0.000
2025-01-17 13:20:26,340 - INFO -   Max: 1.000
2025-01-17 13:20:26,340 - INFO -   Mean: 0.459
2025-01-17 13:20:26,340 - INFO -   Std: 0.103
2025-01-17 13:20:26,340 - INFO -   Unique values: 1457
2025-01-17 13:20:26,341 - INFO - 
fighter_takedowns:
2025-01-17 13:20:26,341 - INFO -   Min: 0.000
2025-01-17 13:20:26,341 - INFO -   Max: 9.000
2025-01-17 13:20:26,341 - INFO -   Mean: 1.132
2025-01-17 13:20:26,341 - INFO -   Std: 1.203
2025-01-17 13:20:26,341 - INFO -   Unique values: 243
2025-01-17 13:20:26,341 - INFO - 
fighter_takedown_accuracy:
2025-01-17 13:20:26,342 - INFO -   Min: 0.000
2025-01-17 13:20:26,342 - INFO -   Max: 1.000
2025-01-17 13:20:26,342 - INFO -   Mean: 0.363
2025-01-17 13:20:26,342 - INFO -   Std: 0.261
2025-01-17 13:20:26,342 - INFO -   Unique values: 314
2025-01-17 13:20:26,342 - INFO - 
opponent_takedowns:
2025-01-17 13:20:26,342 - INFO -   Min: 0.000
2025-01-17 13:20:26,342 - INFO -   Max: 13.000
2025-01-17 13:20:26,342 - INFO -   Mean: 1.081
2025-01-17 13:20:26,342 - INFO -   Std: 1.268
2025-01-17 13:20:26,342 - INFO -   Unique values: 187
2025-01-17 13:20:26,343 - INFO - 
opponent_takedown_accuracy:
2025-01-17 13:20:26,343 - INFO -   Min: 0.000
2025-01-17 13:20:26,343 - INFO -   Max: 1.000
2025-01-17 13:20:26,343 - INFO -   Mean: 0.352
2025-01-17 13:20:26,343 - INFO -   Std: 0.283
2025-01-17 13:20:26,343 - INFO -   Unique values: 260
2025-01-17 13:20:26,344 - INFO - 
fighter_knockdowns:
2025-01-17 13:20:26,344 - INFO -   Min: 0.000
2025-01-17 13:20:26,344 - INFO -   Max: 2.250
2025-01-17 13:20:26,344 - INFO -   Mean: 0.289
2025-01-17 13:20:26,344 - INFO -   Std: 0.329
2025-01-17 13:20:26,344 - INFO -   Unique values: 101
2025-01-17 13:20:26,344 - INFO - 
fighter_ko_ratio:
2025-01-17 13:20:26,345 - INFO -   Min: 0.000
2025-01-17 13:20:26,345 - INFO -   Max: 1.000
2025-01-17 13:20:26,345 - INFO -   Mean: 0.322
2025-01-17 13:20:26,345 - INFO -   Std: 0.283
2025-01-17 13:20:26,345 - INFO -   Unique values: 103
2025-01-17 13:20:26,345 - INFO - 
opponent_knockdowns:
2025-01-17 13:20:26,345 - INFO -   Min: 0.000
2025-01-17 13:20:26,345 - INFO -   Max: 3.500
2025-01-17 13:20:26,345 - INFO -   Mean: 0.311
2025-01-17 13:20:26,345 - INFO -   Std: 0.406
2025-01-17 13:20:26,345 - INFO -   Unique values: 87
2025-01-17 13:20:26,346 - INFO - 
opponent_ko_ratio:
2025-01-17 13:20:26,346 - INFO -   Min: 0.000
2025-01-17 13:20:26,346 - INFO -   Max: 1.000
2025-01-17 13:20:26,346 - INFO -   Mean: 0.321
2025-01-17 13:20:26,346 - INFO -   Std: 0.316
2025-01-17 13:20:26,346 - INFO -   Unique values: 76
2025-01-17 13:20:26,347 - INFO - 
fighter_control_time:
2025-01-17 13:20:26,347 - INFO -   Min: 0.000
2025-01-17 13:20:26,347 - INFO -   Max: 0.000
2025-01-17 13:20:26,347 - INFO -   Mean: 0.000
2025-01-17 13:20:26,347 - INFO -   Std: 0.000
2025-01-17 13:20:26,347 - INFO -   Unique values: 1
2025-01-17 13:20:26,347 - INFO -   Value distribution:
2025-01-17 13:20:26,347 - INFO -     0.0: 1706 (100.0%)
2025-01-17 13:20:26,347 - INFO - 
opponent_control_time:
2025-01-17 13:20:26,348 - INFO -   Min: 0.000
2025-01-17 13:20:26,348 - INFO -   Max: 0.000
2025-01-17 13:20:26,348 - INFO -   Mean: 0.000
2025-01-17 13:20:26,348 - INFO -   Std: 0.000
2025-01-17 13:20:26,348 - INFO -   Unique values: 1
2025-01-17 13:20:26,348 - INFO -   Value distribution:
2025-01-17 13:20:26,348 - INFO -     0.0: 1706 (100.0%)
