2025-01-17 11:39:31,127 - 🥊 Starting UFC model training pipeline...
2025-01-17 11:39:31,127 - 📊 Loading and preparing data...
2025-01-17 11:39:31,133 - Found NaN values in the following columns:
2025-01-17 11:39:31,133 - reach_diff: 1 NaN values
2025-01-17 11:39:31,134 - Filling NaN values with 0
2025-01-17 11:39:31,139 - Training samples: 1364, Test samples: 342
2025-01-17 11:39:31,139 - Feature count: 25
2025-01-17 11:39:31,140 - 
Features used:
2025-01-17 11:39:31,140 - - height_diff
2025-01-17 11:39:31,140 - - reach_diff
2025-01-17 11:39:31,140 - - age_diff
2025-01-17 11:39:31,140 - - fighter_fight_no
2025-01-17 11:39:31,140 - - opponent_fight_no
2025-01-17 11:39:31,140 - - fighter_win_ratio
2025-01-17 11:39:31,140 - - fighter_recent_win_ratio
2025-01-17 11:39:31,140 - - opponent_win_ratio
2025-01-17 11:39:31,140 - - opponent_recent_win_ratio
2025-01-17 11:39:31,140 - - fighter_strikes_landed
2025-01-17 11:39:31,140 - - fighter_strikes_attempted
2025-01-17 11:39:31,140 - - fighter_strikes_accuracy
2025-01-17 11:39:31,140 - - opponent_strikes_landed
2025-01-17 11:39:31,140 - - opponent_strikes_attempted
2025-01-17 11:39:31,140 - - opponent_strikes_accuracy
2025-01-17 11:39:31,140 - - fighter_takedowns
2025-01-17 11:39:31,140 - - fighter_takedown_accuracy
2025-01-17 11:39:31,140 - - opponent_takedowns
2025-01-17 11:39:31,140 - - opponent_takedown_accuracy
2025-01-17 11:39:31,140 - - fighter_knockdowns
2025-01-17 11:39:31,140 - - fighter_ko_ratio
2025-01-17 11:39:31,140 - - opponent_knockdowns
2025-01-17 11:39:31,140 - - opponent_ko_ratio
2025-01-17 11:39:31,140 - - fighter_control_time
2025-01-17 11:39:31,140 - - opponent_control_time
2025-01-17 11:39:31,140 - 
🧠 Training neural network...
2025-01-17 11:39:40,864 - 
📈 Training logistic regression...
2025-01-17 11:39:40,867 - 
🎯 Evaluating models...
2025-01-17 11:39:41,312 - Error during model evaluation: cannot reshape array of size 116964 into shape (342,)
2025-01-17 11:39:41,312 - Checking data for issues...
2025-01-17 11:39:41,312 - X_test shape: (342, 25)
2025-01-17 11:39:41,312 - y_test shape: (342,)
2025-01-17 11:39:41,312 - X_test NaN count: 0
2025-01-17 11:39:41,312 - y_test NaN count: 0
