2025-01-17 01:07:54,616 - 📊 Loading and preprocessing data...
2025-01-17 01:07:54,650 - ✨ Created interaction features
2025-01-17 01:07:54,664 - ✅ Data preprocessing completed
2025-01-17 01:07:54,664 - Training samples: 6275, Test samples: 1569
2025-01-17 01:07:54,664 - 
🥊 Starting UFC fight prediction model training...
2025-01-17 01:08:47,452 - 
🔄 Training final model with best parameters...
2025-01-17 01:08:51,095 - 
📊 Evaluating model performance...
2025-01-17 01:08:51,144 - 
📈 Model Performance:
2025-01-17 01:08:51,144 - Accuracy: 0.6692
2025-01-17 01:08:51,144 - ROC AUC: 0.7167
2025-01-17 01:08:51,144 - 
📋 Classification Report:
2025-01-17 01:08:51,147 - 
              precision    recall  f1-score   support

         0.0       0.54      0.41      0.47       549
         1.0       0.72      0.81      0.76      1020

    accuracy                           0.67      1569
   macro avg       0.63      0.61      0.61      1569
weighted avg       0.65      0.67      0.66      1569

2025-01-17 01:08:51,147 - 📊 Generating ROC curve plot...
2025-01-17 01:08:51,263 - 📊 Analyzing feature importance...
2025-01-17 01:08:51,472 - 
💾 Saving model and scaler...
2025-01-17 01:08:51,476 - ✅ Model and scaler saved successfully
2025-01-17 01:08:51,476 - 
🎉 Training pipeline completed successfully!
