2025-01-17 13:22:17,358 - 🥊 Starting UFC model training pipeline...
2025-01-17 13:22:17,358 - 📊 Loading and preparing data...
2025-01-17 13:22:17,365 - Found NaN values in the following columns:
2025-01-17 13:22:17,365 - reach_diff: 1 NaN values
2025-01-17 13:22:17,365 - Filling NaN values with 0
2025-01-17 13:22:17,371 - Training samples: 1364, Test samples: 342
2025-01-17 13:22:17,371 - Feature count: 28
2025-01-17 13:22:17,371 - 
Features used:
2025-01-17 13:22:17,371 - - weight_diff
2025-01-17 13:22:17,371 - - height_diff
2025-01-17 13:22:17,371 - - reach_diff
2025-01-17 13:22:17,371 - - age_diff
2025-01-17 13:22:17,371 - - fighter_form_score
2025-01-17 13:22:17,371 - - opponent_form_score
2025-01-17 13:22:17,371 - - fighter_fight_no
2025-01-17 13:22:17,371 - - opponent_fight_no
2025-01-17 13:22:17,371 - - fighter_win_ratio
2025-01-17 13:22:17,371 - - fighter_recent_win_ratio
2025-01-17 13:22:17,372 - - opponent_win_ratio
2025-01-17 13:22:17,372 - - opponent_recent_win_ratio
2025-01-17 13:22:17,372 - - fighter_strikes_landed
2025-01-17 13:22:17,372 - - fighter_strikes_attempted
2025-01-17 13:22:17,372 - - fighter_strikes_accuracy
2025-01-17 13:22:17,372 - - opponent_strikes_landed
2025-01-17 13:22:17,372 - - opponent_strikes_attempted
2025-01-17 13:22:17,372 - - opponent_strikes_accuracy
2025-01-17 13:22:17,372 - - fighter_takedowns
2025-01-17 13:22:17,372 - - fighter_takedown_accuracy
2025-01-17 13:22:17,372 - - opponent_takedowns
2025-01-17 13:22:17,372 - - opponent_takedown_accuracy
2025-01-17 13:22:17,372 - - fighter_knockdowns
2025-01-17 13:22:17,372 - - fighter_ko_ratio
2025-01-17 13:22:17,372 - - opponent_knockdowns
2025-01-17 13:22:17,372 - - opponent_ko_ratio
2025-01-17 13:22:17,372 - - fighter_control_time
2025-01-17 13:22:17,372 - - opponent_control_time
2025-01-17 13:22:17,372 - 
🧠 Training neural network...
2025-01-17 13:22:21,876 - 
📈 Training logistic regression...
2025-01-17 13:22:21,882 - 
🔍 Feature Importance Analysis:
2025-01-17 13:22:21,882 - age_diff: 0.4147
2025-01-17 13:22:21,882 - fighter_strikes_attempted: 0.1866
2025-01-17 13:22:21,883 - fighter_strikes_landed: 0.1727
2025-01-17 13:22:21,883 - opponent_strikes_landed: 0.1704
2025-01-17 13:22:21,883 - opponent_takedowns: 0.1541
2025-01-17 13:22:21,883 - fighter_form_score: 0.1281
2025-01-17 13:22:21,883 - opponent_strikes_attempted: 0.1150
2025-01-17 13:22:21,883 - opponent_fight_no: 0.0996
2025-01-17 13:22:21,883 - opponent_ko_ratio: 0.0935
2025-01-17 13:22:21,883 - fighter_takedowns: 0.0893
2025-01-17 13:22:22,099 - 
🎯 Evaluating models...
2025-01-17 13:22:22,509 - 
🎲 Random Baseline Validation - neural_network:
2025-01-17 13:22:22,509 - Model Accuracy: 0.5760
2025-01-17 13:22:22,509 - Random Baseline: 0.5000
2025-01-17 13:22:22,509 - Chi-square statistic: 4.5237
2025-01-17 13:22:22,509 - P-value: 0.0334
2025-01-17 13:22:22,509 - ✅ Model performs significantly better than random (p < 0.05)
2025-01-17 13:22:22,509 - Effect size (Cramer's V): 0.1150
2025-01-17 13:22:22,581 - 
🎲 Random Baseline Validation - logistic_regression:
2025-01-17 13:22:22,581 - Model Accuracy: 0.6404
2025-01-17 13:22:22,581 - Random Baseline: 0.5000
2025-01-17 13:22:22,581 - Chi-square statistic: 22.8778
2025-01-17 13:22:22,581 - P-value: 0.0000
2025-01-17 13:22:22,581 - ✅ Model performs significantly better than random (p < 0.05)
2025-01-17 13:22:22,581 - Effect size (Cramer's V): 0.2586
2025-01-17 13:22:22,669 - Available columns in features.csv:
2025-01-17 13:22:22,669 - win, weight_diff, height_diff, reach_diff, age_diff, fighter_form_score, opponent_form_score, fighter_fight_no, opponent_fight_no, fighter_win_ratio, fighter_recent_win_ratio, opponent_win_ratio, opponent_recent_win_ratio, fighter_strikes_landed, fighter_strikes_attempted, fighter_strikes_accuracy, opponent_strikes_landed, opponent_strikes_attempted, opponent_strikes_accuracy, fighter_takedowns, fighter_takedown_accuracy, opponent_takedowns, opponent_takedown_accuracy, fighter_knockdowns, fighter_ko_ratio, opponent_knockdowns, opponent_ko_ratio, fighter_control_time, opponent_control_time
2025-01-17 13:22:22,670 - 
🎯 Example Predictions - neural_network
2025-01-17 13:22:22,670 - Overall Accuracy: 57.60%
2025-01-17 13:22:22,670 - 
✅ Sample Correct Predictions:
2025-01-17 13:22:22,670 - Fight 1464: Predicted Loss (Actual: Loss)
2025-01-17 13:22:22,670 - Fight 1088: Predicted Win (Actual: Win)
2025-01-17 13:22:22,670 - Fight 127: Predicted Loss (Actual: Loss)
2025-01-17 13:22:22,670 - Fight 1328: Predicted Win (Actual: Win)
2025-01-17 13:22:22,670 - Fight 1699: Predicted Win (Actual: Win)
2025-01-17 13:22:22,670 - 
❌ Sample Incorrect Predictions:
2025-01-17 13:22:22,671 - Fight 606: Predicted Win (Actual: Loss)
2025-01-17 13:22:22,671 - Fight 1622: Predicted Win (Actual: Loss)
2025-01-17 13:22:22,671 - Fight 1468: Predicted Loss (Actual: Win)
2025-01-17 13:22:22,671 - Fight 704: Predicted Win (Actual: Loss)
2025-01-17 13:22:22,671 - Fight 1528: Predicted Loss (Actual: Win)
2025-01-17 13:22:22,675 - Available columns in features.csv:
2025-01-17 13:22:22,675 - win, weight_diff, height_diff, reach_diff, age_diff, fighter_form_score, opponent_form_score, fighter_fight_no, opponent_fight_no, fighter_win_ratio, fighter_recent_win_ratio, opponent_win_ratio, opponent_recent_win_ratio, fighter_strikes_landed, fighter_strikes_attempted, fighter_strikes_accuracy, opponent_strikes_landed, opponent_strikes_attempted, opponent_strikes_accuracy, fighter_takedowns, fighter_takedown_accuracy, opponent_takedowns, opponent_takedown_accuracy, fighter_knockdowns, fighter_ko_ratio, opponent_knockdowns, opponent_ko_ratio, fighter_control_time, opponent_control_time
2025-01-17 13:22:22,675 - 
🎯 Example Predictions - logistic_regression
2025-01-17 13:22:22,675 - Overall Accuracy: 64.04%
2025-01-17 13:22:22,675 - 
✅ Sample Correct Predictions:
2025-01-17 13:22:22,675 - Fight 1464: Predicted Loss (Actual: Loss)
2025-01-17 13:22:22,675 - Fight 1088: Predicted Win (Actual: Win)
2025-01-17 13:22:22,675 - Fight 127: Predicted Loss (Actual: Loss)
2025-01-17 13:22:22,675 - Fight 1328: Predicted Win (Actual: Win)
2025-01-17 13:22:22,675 - Fight 1699: Predicted Win (Actual: Win)
2025-01-17 13:22:22,675 - 
❌ Sample Incorrect Predictions:
2025-01-17 13:22:22,676 - Fight 606: Predicted Win (Actual: Loss)
2025-01-17 13:22:22,676 - Fight 1232: Predicted Win (Actual: Loss)
2025-01-17 13:22:22,676 - Fight 1528: Predicted Loss (Actual: Win)
2025-01-17 13:22:22,676 - Fight 1656: Predicted Win (Actual: Loss)
2025-01-17 13:22:22,676 - Fight 1194: Predicted Win (Actual: Loss)
2025-01-17 13:22:22,676 - 
💾 Saving models...
2025-01-17 13:22:22,676 - You are saving your model as an HDF5 file via `model.save()` or `keras.saving.save_model(model)`. This file format is considered legacy. We recommend using instead the native Keras format, e.g. `model.save('my_model.keras')` or `keras.saving.save_model(model, 'my_model.keras')`. 
2025-01-17 13:22:22,687 - 
📊 Model Performance:
2025-01-17 13:22:22,687 - 
Neural Network:
2025-01-17 13:22:22,687 - Accuracy: 0.5760
2025-01-17 13:22:22,687 - ROC AUC: 0.6010
2025-01-17 13:22:22,687 - 
Classification Report:
2025-01-17 13:22:22,725 - 
              precision    recall  f1-score   support

           0       0.49      0.46      0.48       143
           1       0.63      0.66      0.64       199

    accuracy                           0.58       342
   macro avg       0.56      0.56      0.56       342
weighted avg       0.57      0.58      0.57       342

2025-01-17 13:22:22,725 - 
Logistic Regression:
2025-01-17 13:22:22,725 - Accuracy: 0.6404
2025-01-17 13:22:22,725 - ROC AUC: 0.6895
2025-01-17 13:22:22,725 - 
Classification Report:
2025-01-17 13:22:22,728 - 
              precision    recall  f1-score   support

           0       0.57      0.59      0.58       143
           1       0.70      0.68      0.69       199

    accuracy                           0.64       342
   macro avg       0.63      0.63      0.63       342
weighted avg       0.64      0.64      0.64       342

2025-01-17 13:22:22,728 - 
🎉 Training pipeline completed successfully!
