2025-01-17 00:40:32,546 - 📊 Loading and preprocessing data...
2025-01-17 00:40:32,580 - ✨ Created interaction features
2025-01-17 00:40:32,595 - ✅ Data preprocessing completed
2025-01-17 00:40:32,595 - Training samples: 6275, Test samples: 1569
2025-01-17 00:40:32,595 - 
🥊 Starting UFC fight prediction model training...
2025-01-17 00:40:32,644 - build_posterior_wrapper took 0.001383 seconds
2025-01-17 00:40:32,644 - TPE using 0 trials
2025-01-17 00:40:40,147 - build_posterior_wrapper took 0.001134 seconds
2025-01-17 00:40:40,147 - TPE using 1/1 trials with best loss -0.693520
2025-01-17 00:40:51,572 - build_posterior_wrapper took 0.001411 seconds
2025-01-17 00:40:51,572 - TPE using 2/2 trials with best loss -0.706480
2025-01-17 00:40:54,870 - build_posterior_wrapper took 0.001609 seconds
2025-01-17 00:40:54,871 - TPE using 3/3 trials with best loss -0.706480
2025-01-17 00:40:59,091 - build_posterior_wrapper took 0.001438 seconds
2025-01-17 00:40:59,091 - TPE using 4/4 trials with best loss -0.709019
2025-01-17 00:41:04,507 - build_posterior_wrapper took 0.001415 seconds
2025-01-17 00:41:04,507 - TPE using 5/5 trials with best loss -0.709019
2025-01-17 00:41:11,354 - build_posterior_wrapper took 0.001406 seconds
2025-01-17 00:41:11,354 - TPE using 6/6 trials with best loss -0.709019
2025-01-17 00:41:22,676 - build_posterior_wrapper took 0.001417 seconds
2025-01-17 00:41:22,676 - TPE using 7/7 trials with best loss -0.709019
2025-01-17 00:41:26,822 - build_posterior_wrapper took 0.001416 seconds
2025-01-17 00:41:26,823 - TPE using 8/8 trials with best loss -0.709019
2025-01-17 00:41:29,558 - build_posterior_wrapper took 0.001467 seconds
2025-01-17 00:41:29,558 - TPE using 9/9 trials with best loss -0.709721
2025-01-17 00:41:37,658 - build_posterior_wrapper took 0.001336 seconds
2025-01-17 00:41:37,659 - TPE using 10/10 trials with best loss -0.709721
2025-01-17 00:41:44,299 - build_posterior_wrapper took 0.001163 seconds
2025-01-17 00:41:44,299 - TPE using 11/11 trials with best loss -0.709721
2025-01-17 00:41:50,003 - build_posterior_wrapper took 0.001516 seconds
2025-01-17 00:41:50,003 - TPE using 12/12 trials with best loss -0.709721
2025-01-17 00:42:06,855 - build_posterior_wrapper took 0.001259 seconds
2025-01-17 00:42:06,855 - TPE using 13/13 trials with best loss -0.709721
