2025-01-17 01:13:17,495 - 📊 Loading and preprocessing data...
2025-01-17 01:13:17,529 - ✨ Created interaction features
2025-01-17 01:13:17,544 - ✅ Data preprocessing completed
2025-01-17 01:13:17,544 - Training samples: 6275, Test samples: 1569
2025-01-17 01:13:17,544 - 
🥊 Starting UFC fight prediction model training...
2025-01-17 01:14:57,882 - 
🔄 Training final model with best parameters...
2025-01-17 01:14:59,766 - 
📊 Evaluating model performance...
2025-01-17 01:14:59,813 - 
📈 Model Performance:
2025-01-17 01:14:59,813 - Accuracy: 0.6603
2025-01-17 01:14:59,813 - ROC AUC: 0.7292
2025-01-17 01:14:59,813 - 
📋 Classification Report:
2025-01-17 01:14:59,817 - 
              precision    recall  f1-score   support

         0.0       0.51      0.64      0.57       549
         1.0       0.78      0.67      0.72      1020

    accuracy                           0.66      1569
   macro avg       0.64      0.66      0.64      1569
weighted avg       0.68      0.66      0.67      1569

2025-01-17 01:14:59,818 - 📊 Generating ROC curve plot...
2025-01-17 01:14:59,922 - 📊 Analyzing feature importance...
2025-01-17 01:15:00,126 - 
💾 Saving model and scaler...
2025-01-17 01:15:00,132 - ✅ Model and scaler saved successfully
2025-01-17 01:15:00,132 - 
🎉 Training pipeline completed successfully!
