2025-01-17 11:07:40,044 - 🥊 Starting UFC model training pipeline...
2025-01-17 11:07:40,044 - 📊 Loading and preparing data...
2025-01-17 11:07:40,050 - Found NaN values in the following columns:
2025-01-17 11:07:40,050 - reach_diff: 1 NaN values
2025-01-17 11:07:40,050 - Filling NaN values with 0
2025-01-17 11:07:40,056 - Training samples: 1364, Test samples: 342
2025-01-17 11:07:40,056 - Feature count: 25
2025-01-17 11:07:40,056 - 
Features used:
2025-01-17 11:07:40,056 - - height_diff
2025-01-17 11:07:40,056 - - reach_diff
2025-01-17 11:07:40,056 - - age_diff
2025-01-17 11:07:40,056 - - fighter_fight_no
2025-01-17 11:07:40,056 - - opponent_fight_no
2025-01-17 11:07:40,056 - - fighter_win_ratio
2025-01-17 11:07:40,056 - - fighter_recent_win_ratio
2025-01-17 11:07:40,056 - - opponent_win_ratio
2025-01-17 11:07:40,056 - - opponent_recent_win_ratio
2025-01-17 11:07:40,056 - - fighter_strikes_landed
2025-01-17 11:07:40,056 - - fighter_strikes_attempted
2025-01-17 11:07:40,056 - - fighter_strikes_accuracy
2025-01-17 11:07:40,056 - - opponent_strikes_landed
2025-01-17 11:07:40,056 - - opponent_strikes_attempted
2025-01-17 11:07:40,056 - - opponent_strikes_accuracy
2025-01-17 11:07:40,056 - - fighter_takedowns
2025-01-17 11:07:40,056 - - fighter_takedown_accuracy
2025-01-17 11:07:40,056 - - opponent_takedowns
2025-01-17 11:07:40,056 - - opponent_takedown_accuracy
2025-01-17 11:07:40,056 - - fighter_knockdowns
2025-01-17 11:07:40,056 - - fighter_ko_ratio
2025-01-17 11:07:40,056 - - opponent_knockdowns
2025-01-17 11:07:40,056 - - opponent_ko_ratio
2025-01-17 11:07:40,056 - - fighter_control_time
2025-01-17 11:07:40,057 - - opponent_control_time
2025-01-17 11:07:40,057 - 
🧠 Training neural network...
2025-01-17 11:07:49,831 - 
📈 Training logistic regression...
2025-01-17 11:07:49,835 - 
🎯 Evaluating models...
2025-01-17 11:07:50,454 - 
💾 Saving models...
2025-01-17 11:07:50,454 - You are saving your model as an HDF5 file via `model.save()` or `keras.saving.save_model(model)`. This file format is considered legacy. We recommend using instead the native Keras format, e.g. `model.save('my_model.keras')` or `keras.saving.save_model(model, 'my_model.keras')`. 
2025-01-17 11:07:50,467 - 
📊 Model Performance:
2025-01-17 11:07:50,467 - 
Neural Network:
2025-01-17 11:07:50,467 - Accuracy: 0.5965
2025-01-17 11:07:50,467 - ROC AUC: 0.5781
2025-01-17 11:07:50,467 - 
Classification Report:
2025-01-17 11:07:50,507 - 
              precision    recall  f1-score   support

           0       0.52      0.39      0.45       143
           1       0.63      0.74      0.68       199

    accuracy                           0.60       342
   macro avg       0.58      0.57      0.57       342
weighted avg       0.59      0.60      0.58       342

2025-01-17 11:07:50,507 - 
Logistic Regression:
2025-01-17 11:07:50,507 - Accuracy: 0.6462
2025-01-17 11:07:50,507 - ROC AUC: 0.6935
2025-01-17 11:07:50,507 - 
Classification Report:
2025-01-17 11:07:50,510 - 
              precision    recall  f1-score   support

           0       0.64      0.35      0.45       143
           1       0.65      0.86      0.74       199

    accuracy                           0.65       342
   macro avg       0.64      0.60      0.60       342
weighted avg       0.64      0.65      0.62       342

2025-01-17 11:07:50,510 - 
🎉 Training pipeline completed successfully!
