2025-01-17 01:16:11,086 - 📊 Loading and preprocessing data...
2025-01-17 01:16:11,120 - ✨ Created interaction features
2025-01-17 01:16:11,134 - ✅ Data preprocessing completed
2025-01-17 01:16:11,134 - Training samples: 6275, Test samples: 1569
2025-01-17 01:16:11,134 - 
🥊 Starting UFC fight prediction model training...
2025-01-17 01:17:57,300 - 
🔄 Training final model with best parameters...
2025-01-17 01:18:03,443 - 
📊 Evaluating model performance...
2025-01-17 01:18:03,502 - 
📈 Model Performance:
2025-01-17 01:18:03,502 - Accuracy: 0.6686
2025-01-17 01:18:03,502 - ROC AUC: 0.7280
2025-01-17 01:18:03,502 - 
📋 Classification Report:
2025-01-17 01:18:03,508 - 
              precision    recall  f1-score   support

         0.0       0.53      0.53      0.53       549
         1.0       0.75      0.74      0.74      1020

    accuracy                           0.67      1569
   macro avg       0.64      0.64      0.64      1569
weighted avg       0.67      0.67      0.67      1569

2025-01-17 01:18:03,508 - 📊 Generating ROC curve plot...
2025-01-17 01:18:03,625 - 📊 Analyzing feature importance...
2025-01-17 01:18:03,834 - 
💾 Saving model and scaler...
2025-01-17 01:18:03,838 - ✅ Model and scaler saved successfully
2025-01-17 01:18:03,838 - 
🎉 Training pipeline completed successfully!
