2025-01-17 11:04:33,486 - 🥊 Starting UFC model training pipeline...
2025-01-17 11:04:33,486 - 📊 Loading and preparing data...
2025-01-17 11:04:33,492 - Found NaN values in the following columns:
2025-01-17 11:04:33,492 - reach_diff: 1 NaN values
2025-01-17 11:04:33,492 - Filling NaN values with 0
2025-01-17 11:04:33,498 - Training samples: 1364, Test samples: 342
2025-01-17 11:04:33,498 - Feature count: 25
2025-01-17 11:04:33,498 - 
Features used:
2025-01-17 11:04:33,498 - - height_diff
2025-01-17 11:04:33,498 - - reach_diff
2025-01-17 11:04:33,498 - - age_diff
2025-01-17 11:04:33,498 - - fighter_fight_no
2025-01-17 11:04:33,498 - - opponent_fight_no
2025-01-17 11:04:33,498 - - fighter_win_ratio
2025-01-17 11:04:33,498 - - fighter_recent_win_ratio
2025-01-17 11:04:33,498 - - opponent_win_ratio
2025-01-17 11:04:33,498 - - opponent_recent_win_ratio
2025-01-17 11:04:33,498 - - fighter_strikes_landed
2025-01-17 11:04:33,498 - - fighter_strikes_attempted
2025-01-17 11:04:33,498 - - fighter_strikes_accuracy
2025-01-17 11:04:33,498 - - opponent_strikes_landed
2025-01-17 11:04:33,498 - - opponent_strikes_attempted
2025-01-17 11:04:33,498 - - opponent_strikes_accuracy
2025-01-17 11:04:33,498 - - fighter_takedowns
2025-01-17 11:04:33,498 - - fighter_takedown_accuracy
2025-01-17 11:04:33,498 - - opponent_takedowns
2025-01-17 11:04:33,498 - - opponent_takedown_accuracy
2025-01-17 11:04:33,498 - - fighter_knockdowns
2025-01-17 11:04:33,498 - - fighter_ko_ratio
2025-01-17 11:04:33,498 - - opponent_knockdowns
2025-01-17 11:04:33,498 - - opponent_ko_ratio
2025-01-17 11:04:33,498 - - fighter_control_time
2025-01-17 11:04:33,498 - - opponent_control_time
2025-01-17 11:04:33,498 - 
🧠 Training neural network...
2025-01-17 11:04:43,223 - 
📈 Training logistic regression...
2025-01-17 11:04:43,226 - 
🎯 Evaluating models...
2025-01-17 11:04:43,924 - 
💾 Saving models...
2025-01-17 11:04:43,924 - You are saving your model as an HDF5 file via `model.save()` or `keras.saving.save_model(model)`. This file format is considered legacy. We recommend using instead the native Keras format, e.g. `model.save('my_model.keras')` or `keras.saving.save_model(model, 'my_model.keras')`. 
2025-01-17 11:04:43,938 - 
📊 Model Performance:
2025-01-17 11:04:43,938 - 
Neural Network:
2025-01-17 11:04:43,938 - Accuracy: 0.5789
2025-01-17 11:04:43,938 - ROC AUC: 0.6019
2025-01-17 11:04:43,938 - 
Classification Report:
2025-01-17 11:04:43,977 - 
              precision    recall  f1-score   support

           0       0.50      0.46      0.48       143
           1       0.63      0.66      0.65       199

    accuracy                           0.58       342
   macro avg       0.56      0.56      0.56       342
weighted avg       0.57      0.58      0.58       342

2025-01-17 11:04:43,977 - 
Logistic Regression:
2025-01-17 11:04:43,977 - Accuracy: 0.6462
2025-01-17 11:04:43,977 - ROC AUC: 0.6935
2025-01-17 11:04:43,977 - 
Classification Report:
2025-01-17 11:04:43,980 - 
              precision    recall  f1-score   support

           0       0.64      0.35      0.45       143
           1       0.65      0.86      0.74       199

    accuracy                           0.65       342
   macro avg       0.64      0.60      0.60       342
weighted avg       0.64      0.65      0.62       342

2025-01-17 11:04:43,980 - 
🎉 Training pipeline completed successfully!
