2025-01-17 09:49:28,640 - 🥊 Starting UFC model training pipeline...
2025-01-17 09:49:28,640 - 📊 Loading and preparing data...
2025-01-17 09:49:28,652 - Found NaN values in the following columns:
2025-01-17 09:49:28,653 - reach_diff: 1 NaN values
2025-01-17 09:49:28,653 - Filling NaN values with 0
2025-01-17 09:49:28,667 - Training samples: 1364, Test samples: 342
2025-01-17 09:49:28,667 - Feature count: 89
2025-01-17 09:49:28,667 - 
🧠 Training neural network...
2025-01-17 09:49:38,437 - 
📈 Training logistic regression...
2025-01-17 09:49:38,444 - 
🎯 Evaluating models...
2025-01-17 09:49:39,058 - 
💾 Saving models...
2025-01-17 09:49:39,058 - You are saving your model as an HDF5 file via `model.save()` or `keras.saving.save_model(model)`. This file format is considered legacy. We recommend using instead the native Keras format, e.g. `model.save('my_model.keras')` or `keras.saving.save_model(model, 'my_model.keras')`. 
2025-01-17 09:49:39,074 - 
📊 Model Performance:
2025-01-17 09:49:39,074 - 
Neural Network:
2025-01-17 09:49:39,074 - Accuracy: 0.5789
2025-01-17 09:49:39,074 - ROC AUC: 0.5949
2025-01-17 09:49:39,074 - 
Classification Report:
2025-01-17 09:49:39,113 - 
              precision    recall  f1-score   support

           0       0.50      0.39      0.44       143
           1       0.62      0.71      0.66       199

    accuracy                           0.58       342
   macro avg       0.56      0.55      0.55       342
weighted avg       0.57      0.58      0.57       342

2025-01-17 09:49:39,113 - 
Logistic Regression:
2025-01-17 09:49:39,113 - Accuracy: 0.6404
2025-01-17 09:49:39,113 - ROC AUC: 0.6955
2025-01-17 09:49:39,113 - 
Classification Report:
2025-01-17 09:49:39,116 - 
              precision    recall  f1-score   support

           0       0.60      0.41      0.49       143
           1       0.66      0.80      0.72       199

    accuracy                           0.64       342
   macro avg       0.63      0.61      0.61       342
weighted avg       0.63      0.64      0.63       342

2025-01-17 09:49:39,116 - 
🎉 Training pipeline completed successfully!
