2025-01-17 11:24:54,019 - 🥊 Starting UFC model training pipeline...
2025-01-17 11:24:54,019 - 📊 Loading and preparing data...
2025-01-17 11:24:54,025 - Found NaN values in the following columns:
2025-01-17 11:24:54,025 - reach_diff: 1 NaN values
2025-01-17 11:24:54,025 - Filling NaN values with 0
2025-01-17 11:24:54,031 - Training samples: 1364, Test samples: 342
2025-01-17 11:24:54,031 - Feature count: 25
2025-01-17 11:24:54,031 - 
Features used:
2025-01-17 11:24:54,031 - - height_diff
2025-01-17 11:24:54,031 - - reach_diff
2025-01-17 11:24:54,031 - - age_diff
2025-01-17 11:24:54,031 - - fighter_fight_no
2025-01-17 11:24:54,031 - - opponent_fight_no
2025-01-17 11:24:54,031 - - fighter_win_ratio
2025-01-17 11:24:54,031 - - fighter_recent_win_ratio
2025-01-17 11:24:54,031 - - opponent_win_ratio
2025-01-17 11:24:54,031 - - opponent_recent_win_ratio
2025-01-17 11:24:54,031 - - fighter_strikes_landed
2025-01-17 11:24:54,031 - - fighter_strikes_attempted
2025-01-17 11:24:54,031 - - fighter_strikes_accuracy
2025-01-17 11:24:54,031 - - opponent_strikes_landed
2025-01-17 11:24:54,031 - - opponent_strikes_attempted
2025-01-17 11:24:54,031 - - opponent_strikes_accuracy
2025-01-17 11:24:54,031 - - fighter_takedowns
2025-01-17 11:24:54,031 - - fighter_takedown_accuracy
2025-01-17 11:24:54,031 - - opponent_takedowns
2025-01-17 11:24:54,031 - - opponent_takedown_accuracy
2025-01-17 11:24:54,031 - - fighter_knockdowns
2025-01-17 11:24:54,031 - - fighter_ko_ratio
2025-01-17 11:24:54,031 - - opponent_knockdowns
2025-01-17 11:24:54,031 - - opponent_ko_ratio
2025-01-17 11:24:54,031 - - fighter_control_time
2025-01-17 11:24:54,031 - - opponent_control_time
2025-01-17 11:24:54,031 - 
🧠 Training neural network...
2025-01-17 11:25:04,212 - 
📈 Training logistic regression...
2025-01-17 11:25:04,215 - 
🎯 Evaluating models...
2025-01-17 11:25:04,855 - 
💾 Saving models...
2025-01-17 11:25:04,855 - You are saving your model as an HDF5 file via `model.save()` or `keras.saving.save_model(model)`. This file format is considered legacy. We recommend using instead the native Keras format, e.g. `model.save('my_model.keras')` or `keras.saving.save_model(model, 'my_model.keras')`. 
2025-01-17 11:25:04,869 - 
📊 Model Performance:
2025-01-17 11:25:04,869 - 
Neural Network:
2025-01-17 11:25:04,869 - Accuracy: 0.5760
2025-01-17 11:25:04,869 - ROC AUC: 0.5865
2025-01-17 11:25:04,869 - 
Classification Report:
2025-01-17 11:25:04,910 - 
              precision    recall  f1-score   support

           0       0.49      0.41      0.45       143
           1       0.62      0.69      0.66       199

    accuracy                           0.58       342
   macro avg       0.56      0.55      0.55       342
weighted avg       0.57      0.58      0.57       342

2025-01-17 11:25:04,910 - 
Logistic Regression:
2025-01-17 11:25:04,910 - Accuracy: 0.6462
2025-01-17 11:25:04,910 - ROC AUC: 0.6935
2025-01-17 11:25:04,910 - 
Classification Report:
2025-01-17 11:25:04,913 - 
              precision    recall  f1-score   support

           0       0.64      0.35      0.45       143
           1       0.65      0.86      0.74       199

    accuracy                           0.65       342
   macro avg       0.64      0.60      0.60       342
weighted avg       0.64      0.65      0.62       342

2025-01-17 11:25:04,913 - 
🎉 Training pipeline completed successfully!
