2025-01-17 11:42:46,064 - 🥊 Starting UFC model training pipeline...
2025-01-17 11:42:46,064 - 📊 Loading and preparing data...
2025-01-17 11:42:46,070 - Found NaN values in the following columns:
2025-01-17 11:42:46,070 - reach_diff: 1 NaN values
2025-01-17 11:42:46,070 - Filling NaN values with 0
2025-01-17 11:42:46,076 - Training samples: 1364, Test samples: 342
2025-01-17 11:42:46,076 - Feature count: 25
2025-01-17 11:42:46,076 - 
Features used:
2025-01-17 11:42:46,076 - - height_diff
2025-01-17 11:42:46,076 - - reach_diff
2025-01-17 11:42:46,076 - - age_diff
2025-01-17 11:42:46,076 - - fighter_fight_no
2025-01-17 11:42:46,076 - - opponent_fight_no
2025-01-17 11:42:46,076 - - fighter_win_ratio
2025-01-17 11:42:46,076 - - fighter_recent_win_ratio
2025-01-17 11:42:46,076 - - opponent_win_ratio
2025-01-17 11:42:46,076 - - opponent_recent_win_ratio
2025-01-17 11:42:46,076 - - fighter_strikes_landed
2025-01-17 11:42:46,076 - - fighter_strikes_attempted
2025-01-17 11:42:46,076 - - fighter_strikes_accuracy
2025-01-17 11:42:46,076 - - opponent_strikes_landed
2025-01-17 11:42:46,076 - - opponent_strikes_attempted
2025-01-17 11:42:46,076 - - opponent_strikes_accuracy
2025-01-17 11:42:46,076 - - fighter_takedowns
2025-01-17 11:42:46,076 - - fighter_takedown_accuracy
2025-01-17 11:42:46,076 - - opponent_takedowns
2025-01-17 11:42:46,076 - - opponent_takedown_accuracy
2025-01-17 11:42:46,076 - - fighter_knockdowns
2025-01-17 11:42:46,076 - - fighter_ko_ratio
2025-01-17 11:42:46,076 - - opponent_knockdowns
2025-01-17 11:42:46,076 - - opponent_ko_ratio
2025-01-17 11:42:46,076 - - fighter_control_time
2025-01-17 11:42:46,076 - - opponent_control_time
2025-01-17 11:42:46,077 - 
🧠 Training neural network...
2025-01-17 11:42:55,813 - 
📈 Training logistic regression...
2025-01-17 11:42:55,817 - 
🎯 Evaluating models...
2025-01-17 11:42:56,251 - 
🎲 Random Baseline Validation - neural_network:
2025-01-17 11:42:56,251 - Model Accuracy: 0.5731
2025-01-17 11:42:56,251 - Random Baseline: 0.5000
2025-01-17 11:42:56,251 - Chi-square statistic: 3.7498
2025-01-17 11:42:56,251 - P-value: 0.0528
2025-01-17 11:42:56,251 - ⚠️ Model performance not significantly different from random
2025-01-17 11:42:56,251 - Effect size (Cramer's V): 0.1047
2025-01-17 11:42:56,370 - 
🎲 Random Baseline Validation - logistic_regression:
2025-01-17 11:42:56,370 - Model Accuracy: 0.6462
2025-01-17 11:42:56,370 - Random Baseline: 0.5000
2025-01-17 11:42:56,370 - Chi-square statistic: 19.4645
2025-01-17 11:42:56,371 - P-value: 0.0000
2025-01-17 11:42:56,371 - ✅ Model performs significantly better than random (p < 0.05)
2025-01-17 11:42:56,371 - Effect size (Cramer's V): 0.2386
2025-01-17 11:42:56,438 - Error during model evaluation: 'fighter_name'
2025-01-17 11:42:56,438 - Checking data for issues...
2025-01-17 11:42:56,438 - X_test shape: (342, 25)
2025-01-17 11:42:56,438 - y_test shape: (342,)
2025-01-17 11:42:56,438 - X_test NaN count: 0
2025-01-17 11:42:56,438 - y_test NaN count: 0
