2025-01-17 01:18:14,811 - 📊 Loading and preprocessing data...
2025-01-17 01:18:14,845 - ✨ Created interaction features
2025-01-17 01:18:14,860 - ✅ Data preprocessing completed
2025-01-17 01:18:14,860 - Training samples: 6275, Test samples: 1569
2025-01-17 01:18:14,860 - 
🥊 Starting UFC fight prediction model training...
2025-01-17 01:20:47,112 - 
🔄 Training final model with best parameters...
2025-01-17 01:20:53,025 - 
📊 Evaluating model performance...
2025-01-17 01:20:53,072 - 
📈 Model Performance:
2025-01-17 01:20:53,072 - Accuracy: 0.6609
2025-01-17 01:20:53,072 - ROC AUC: 0.7253
2025-01-17 01:20:53,072 - 
📋 Classification Report:
2025-01-17 01:20:53,075 - 
              precision    recall  f1-score   support

         0.0       0.52      0.52      0.52       549
         1.0       0.74      0.74      0.74      1020

    accuracy                           0.66      1569
   macro avg       0.63      0.63      0.63      1569
weighted avg       0.66      0.66      0.66      1569

2025-01-17 01:20:53,075 - 📊 Generating ROC curve plot...
2025-01-17 01:20:53,177 - 📊 Analyzing feature importance...
2025-01-17 01:20:53,382 - 
💾 Saving model and scaler...
2025-01-17 01:20:53,389 - ✅ Model and scaler saved successfully
2025-01-17 01:20:53,389 - 
🎉 Training pipeline completed successfully!
