2025-01-17 11:43:58,667 - 🥊 Starting UFC model training pipeline...
2025-01-17 11:43:58,667 - 📊 Loading and preparing data...
2025-01-17 11:43:58,673 - Found NaN values in the following columns:
2025-01-17 11:43:58,673 - reach_diff: 1 NaN values
2025-01-17 11:43:58,673 - Filling NaN values with 0
2025-01-17 11:43:58,679 - Training samples: 1364, Test samples: 342
2025-01-17 11:43:58,679 - Feature count: 25
2025-01-17 11:43:58,679 - 
Features used:
2025-01-17 11:43:58,679 - - height_diff
2025-01-17 11:43:58,679 - - reach_diff
2025-01-17 11:43:58,679 - - age_diff
2025-01-17 11:43:58,679 - - fighter_fight_no
2025-01-17 11:43:58,679 - - opponent_fight_no
2025-01-17 11:43:58,679 - - fighter_win_ratio
2025-01-17 11:43:58,679 - - fighter_recent_win_ratio
2025-01-17 11:43:58,679 - - opponent_win_ratio
2025-01-17 11:43:58,679 - - opponent_recent_win_ratio
2025-01-17 11:43:58,679 - - fighter_strikes_landed
2025-01-17 11:43:58,679 - - fighter_strikes_attempted
2025-01-17 11:43:58,679 - - fighter_strikes_accuracy
2025-01-17 11:43:58,679 - - opponent_strikes_landed
2025-01-17 11:43:58,679 - - opponent_strikes_attempted
2025-01-17 11:43:58,679 - - opponent_strikes_accuracy
2025-01-17 11:43:58,679 - - fighter_takedowns
2025-01-17 11:43:58,679 - - fighter_takedown_accuracy
2025-01-17 11:43:58,679 - - opponent_takedowns
2025-01-17 11:43:58,679 - - opponent_takedown_accuracy
2025-01-17 11:43:58,679 - - fighter_knockdowns
2025-01-17 11:43:58,679 - - fighter_ko_ratio
2025-01-17 11:43:58,679 - - opponent_knockdowns
2025-01-17 11:43:58,679 - - opponent_ko_ratio
2025-01-17 11:43:58,679 - - fighter_control_time
2025-01-17 11:43:58,679 - - opponent_control_time
2025-01-17 11:43:58,679 - 
🧠 Training neural network...
2025-01-17 11:44:08,429 - 
📈 Training logistic regression...
2025-01-17 11:44:08,432 - 
🎯 Evaluating models...
2025-01-17 11:44:08,851 - 
🎲 Random Baseline Validation - neural_network:
2025-01-17 11:44:08,851 - Model Accuracy: 0.5848
2025-01-17 11:44:08,851 - Random Baseline: 0.5000
2025-01-17 11:44:08,851 - Chi-square statistic: 3.8387
2025-01-17 11:44:08,851 - P-value: 0.0501
2025-01-17 11:44:08,851 - ⚠️ Model performance not significantly different from random
2025-01-17 11:44:08,851 - Effect size (Cramer's V): 0.1059
2025-01-17 11:44:08,966 - 
🎲 Random Baseline Validation - logistic_regression:
2025-01-17 11:44:08,966 - Model Accuracy: 0.6462
2025-01-17 11:44:08,966 - Random Baseline: 0.5000
2025-01-17 11:44:08,966 - Chi-square statistic: 19.4645
2025-01-17 11:44:08,966 - P-value: 0.0000
2025-01-17 11:44:08,966 - ✅ Model performs significantly better than random (p < 0.05)
2025-01-17 11:44:08,966 - Effect size (Cramer's V): 0.2386
2025-01-17 11:44:09,115 - Available columns in features.csv:
2025-01-17 11:44:09,115 - win, height_diff, reach_diff, age_diff, fighter_fight_no, opponent_fight_no, fighter_win_ratio, fighter_recent_win_ratio, opponent_win_ratio, opponent_recent_win_ratio, fighter_strikes_landed, fighter_strikes_attempted, fighter_strikes_accuracy, opponent_strikes_landed, opponent_strikes_attempted, opponent_strikes_accuracy, fighter_takedowns, fighter_takedown_accuracy, opponent_takedowns, opponent_takedown_accuracy, fighter_knockdowns, fighter_ko_ratio, opponent_knockdowns, opponent_ko_ratio, fighter_control_time, opponent_control_time
2025-01-17 11:44:09,115 - 
🎯 Example Predictions - neural_network
2025-01-17 11:44:09,116 - Overall Accuracy: 58.48%
2025-01-17 11:44:09,116 - 
✅ Sample Correct Predictions:
2025-01-17 11:44:09,116 - Fight 1464: Predicted Loss (Actual: Loss)
2025-01-17 11:44:09,116 - Fight 1088: Predicted Win (Actual: Win)
2025-01-17 11:44:09,116 - Fight 1699: Predicted Win (Actual: Win)
2025-01-17 11:44:09,116 - Fight 1622: Predicted Loss (Actual: Loss)
2025-01-17 11:44:09,116 - Fight 1468: Predicted Win (Actual: Win)
2025-01-17 11:44:09,116 - 
❌ Sample Incorrect Predictions:
2025-01-17 11:44:09,116 - Fight 606: Predicted Win (Actual: Loss)
2025-01-17 11:44:09,116 - Fight 127: Predicted Win (Actual: Loss)
2025-01-17 11:44:09,116 - Fight 1328: Predicted Loss (Actual: Win)
2025-01-17 11:44:09,116 - Fight 704: Predicted Win (Actual: Loss)
2025-01-17 11:44:09,117 - Fight 1232: Predicted Win (Actual: Loss)
2025-01-17 11:44:09,120 - Available columns in features.csv:
2025-01-17 11:44:09,120 - win, height_diff, reach_diff, age_diff, fighter_fight_no, opponent_fight_no, fighter_win_ratio, fighter_recent_win_ratio, opponent_win_ratio, opponent_recent_win_ratio, fighter_strikes_landed, fighter_strikes_attempted, fighter_strikes_accuracy, opponent_strikes_landed, opponent_strikes_attempted, opponent_strikes_accuracy, fighter_takedowns, fighter_takedown_accuracy, opponent_takedowns, opponent_takedown_accuracy, fighter_knockdowns, fighter_ko_ratio, opponent_knockdowns, opponent_ko_ratio, fighter_control_time, opponent_control_time
2025-01-17 11:44:09,121 - 
🎯 Example Predictions - logistic_regression
2025-01-17 11:44:09,121 - Overall Accuracy: 64.62%
2025-01-17 11:44:09,121 - 
✅ Sample Correct Predictions:
2025-01-17 11:44:09,121 - Fight 1464: Predicted Loss (Actual: Loss)
2025-01-17 11:44:09,121 - Fight 1088: Predicted Win (Actual: Win)
2025-01-17 11:44:09,121 - Fight 127: Predicted Loss (Actual: Loss)
2025-01-17 11:44:09,121 - Fight 1328: Predicted Win (Actual: Win)
2025-01-17 11:44:09,121 - Fight 1699: Predicted Win (Actual: Win)
2025-01-17 11:44:09,121 - 
❌ Sample Incorrect Predictions:
2025-01-17 11:44:09,121 - Fight 606: Predicted Win (Actual: Loss)
2025-01-17 11:44:09,121 - Fight 704: Predicted Win (Actual: Loss)
2025-01-17 11:44:09,121 - Fight 1232: Predicted Win (Actual: Loss)
2025-01-17 11:44:09,121 - Fight 1656: Predicted Win (Actual: Loss)
2025-01-17 11:44:09,121 - Fight 1194: Predicted Win (Actual: Loss)
2025-01-17 11:44:09,121 - 
💾 Saving models...
2025-01-17 11:44:09,122 - You are saving your model as an HDF5 file via `model.save()` or `keras.saving.save_model(model)`. This file format is considered legacy. We recommend using instead the native Keras format, e.g. `model.save('my_model.keras')` or `keras.saving.save_model(model, 'my_model.keras')`. 
2025-01-17 11:44:09,135 - 
📊 Model Performance:
2025-01-17 11:44:09,135 - 
Neural Network:
2025-01-17 11:44:09,135 - Accuracy: 0.5848
2025-01-17 11:44:09,135 - ROC AUC: 0.5895
2025-01-17 11:44:09,135 - 
Classification Report:
2025-01-17 11:44:09,177 - 
              precision    recall  f1-score   support

           0       0.51      0.35      0.41       143
           1       0.62      0.75      0.68       199

    accuracy                           0.58       342
   macro avg       0.56      0.55      0.55       342
weighted avg       0.57      0.58      0.57       342

2025-01-17 11:44:09,178 - 
Logistic Regression:
2025-01-17 11:44:09,178 - Accuracy: 0.6462
2025-01-17 11:44:09,178 - ROC AUC: 0.6935
2025-01-17 11:44:09,178 - 
Classification Report:
2025-01-17 11:44:09,181 - 
              precision    recall  f1-score   support

           0       0.64      0.35      0.45       143
           1       0.65      0.86      0.74       199

    accuracy                           0.65       342
   macro avg       0.64      0.60      0.60       342
weighted avg       0.64      0.65      0.62       342

2025-01-17 11:44:09,181 - 
🎉 Training pipeline completed successfully!
